* -- ZONA DE DECLARACION DE VARIABLES DE FUENTES NO CAMBIAR--- */
Vari[500]=6060
Vari[501]=6061
Vari[502]=6070
Vari[503]=6071
Vari[504]=6080
Vari[505]=6081
Vari[506]=6090
Vari[507]=6091
Vari[508]=6080
Vari[509]=6081
Vari[510]=6110
Vari[511]=6111
Vari[512]=6120
Vari[513]=6121
Vari[514]=6130
Vari[515]=6131
Vari[516]=6140
Vari[517]=6141
Vari[518]=6150
Vari[519]=6151
Vari[520]=6160
Vari[521]=6161
Vari[522]      
Vari[523]     
Vari[524]     
Vari[525]  


/* Variables de control */
	Vari[900]= 290	/* Alto en pixel de la linea de datos(70),el total (70), la leyenda (80), el comentario (40) */
	Vari[901]=   0	/* Coordenada en X donde empezar a pintar la tabla de tal manera que que centrada */

/*  Carteles para el nombre del report y datos de la cabecera, Se pintan en la linea 1000. */		
	Vari[1000]=0	/* Posicion central del papel, se asigna internamente. */
	Vari[1001]=0	/* Indica si hay que pintar el outline_lower de la caja de noc*/
	Vari[1002]=60	/* Altura de las cajas de registro */
	Vari[1003]=120	/* Altura de las cajas de registro con un solo registro*/
	Vari[1004]=0	/* Altura realmente asignada*/
	Vari[1005]=550	/* Anchura minima del conjunto de eventos*/
	Vari[1006]=0	/* Anchura real del conjunto de eventos*/
	Vari[1007]=260	/* Centro del conjunto de eventos*/
	Vari[1008]=95	/* Anchura de las cajas de evento*/
	Vari[1009]=47	/* Centro de las cajas de ranking*/
	Vari[1010]=0	/* Donde empiezan las cajas de sexos*/
	Vari[1011]=769	/* Donde empieza la caja Total Entries By Noc*/
	Vari[1012]=150  /* Anchura de NOC */
	Vari[1013]=620  /* Anchura de NOC Name */
	Vari[1014]=600  /* Anchura de Players */
	

	data[1003], d_al=1, lcpy= "Legend:",			font=&Vari[503] 
	data[1004], d_al=1,					font=&Vari[502] 

	data[1010], d_al=0,             				font=&Vari[509] 
	data[1011], d_al=0, lcpy= "Code",				font=&Vari[509] 
	data[1012], d_al=1, lcpy= "Entries by Event",	font=&Vari[509] 
	data[1013], d_al=1, lcpy= "Players",			font=&Vari[509] 
	data[1014], d_al=1, lcpy= "Men",				font=&Vari[509] 
	data[1015], d_al=1, lcpy= "Women",				font=&Vari[509] 
	data[1016], d_al=1, lcpy= "Total",				font=&Vari[509] 
	data[1017], d_al=0, lcpy= "Total:",				font=&Vari[509] 
	
Vari[2000]=0 	/* Legenda posicion de cory                                     */
Vari[2001]=0 	/* leyenda posicion de cory                                     */
Vari[2011]=120	/* Posicion relativa de pintado. Se desplaza antes del dato NOC */
Vari[2012]=760	/* Posicion relativa de pintado. Se desplaza antes del dato Name */
Vari[2013]=820	/* Posicion relativa de pintado. Se desplaza antes del dato Date of Birth */
Vari[2014]=820	/* Posicion relativa de pintado. Se desplaza antes del dato Date of Birth */
Vari[2015]=0	/* Posicion relativa de pintado. Se desplaza antes del dato Date of Birth */

/*  Datos del cuerpo, se pintan en la linea 2000 */		
	data[2000],font=&Vari[508], d_al=0		/* Noc */ 
	data[2001],font=&Vari[508], d_al=0		/* Noc Code */ 
	data[2002],font=&Vari[508], d_al=1		/* Event */ 
	data[2003],font=&Vari[508], d_al=2		/* Men */ 
	data[2004],font=&Vari[508], d_al=2		/* Women */ 
	data[2005],font=&Vari[508], d_al=2		/* Total*/ 

	data[2010],font=&Vari[509], d_al=0		/* Group Total */ 
	data[2011],font=&Vari[509], d_al=1		/* Event Total */ 
	data[2012],font=&Vari[509], d_al=2		/* Men Total */ 
	data[2013],font=&Vari[509], d_al=2		/* Women Total*/ 
	data[2014],font=&Vari[509], d_al=2		/* Total Total*/ 

	data[2020],font=&Vari[506], d_al=1		/* */ 
	data[2030],font=&Vari[506], d_al=2		/* */ 
	data[2040],font=&Vari[509], d_al=1		/* Event */ 
Data[208], d_al=1 /* As of        */

Table 101 /* -- TABLA DE CABECERAS -- */

	
	template[0] { call=1, height=140  }

		/* NOC  */
		cell[0] { call=1, height=140, width=150 }
			{ outline_upper=1 }
			{ outline_lower=1 }
			{ outline_right=1 }
			{ outline_left =1 }
			{ Run_line=1040, Offset_dx=20, Offset_dy=80 }

		/* NOC Code */
		cell[1] { call=1, height=140, width=620 }
			{ outline_upper=1 }
			{ outline_lower=1 }
			{ outline_right=1 }
			{ data=1010, Offset_dx=20, Offset_dy=80 }

		/* Total Entries By Noc */
		cell[2] { call=1, height=70, width=&vari[1006] }
			{ outline_upper=1 }
			{ outline_lower=1 }
			{ outline_right=1 }
			{ data=1012, Offset_dx=&vari[1007], Offset_dy=50 }

		/* Players*/
		cell[3] { call=1, height=70, width=600 }
			{ outline_upper=1 }
			{ outline_lower=1 }
			{ outline_right=1 }
			{ data=1013, Offset_dx=300, Offset_dy=50 }

		newl=70 

		
		/* Event */
		cell[4] { call=1, height=70, width=1 }
                      	{ Offset_x=&Vari[1011], Offset_y=110 }
		
		cell[5] { call=&Vari[2015], height=70, width=&vari[1008] }
			{ outline_upper=1 }
			{ outline_lower=1 }
			{ outline_right=1 }
			{ outline_left =1 }
			{ data=2040, Offset_dx=&Vari[1009], Offset_dy=50 }

		/* Men */
		cell[6] { call=1, height=70, width=200 }
			{ outline_upper=1 }
			{ outline_lower=1 }
			{ outline_right=1 }
			{ data=1014, Offset_dx=100, Offset_dy=50 }
		
		/* Women */
		cell[7] { call=1, height=70, width=200 }
			{ outline_upper=1 }
			{ outline_lower=1 }
			{ outline_right=1 }
			{ data=1015, Offset_dx=100, Offset_dy=50 }
		
		/* Total */
		cell[8] { call=1, height=70, width=200 }
			{ outline_upper=1 }
			{ outline_lower=1 }
			{ outline_right=1 }
			{ data=1016, Offset_dx=100, Offset_dy=50 }




Table 102 /* -- TABLA DE GROUPS -- */

	template[0] { call=1, height=70  }

		/* NOC  */
		cell[0] { call=1, height=70, width=150 }
			{ outline_upper=1 }
			{ outline_lower=1 }
			{ outline_right=1 }
			{ outline_left =1 }
			{ data=2000, Offset_dx=20, Offset_dy=50 }

		/* NOC Code */
		cell[1] { call=1, height=70, width=620 }
			{ outline_upper=1 }
			{ outline_lower=1 }
			{ outline_right=1 }
			{ data=2001, Offset_dx=20, Offset_dy=50 }
		
		/* Entries */
		cell[2] { call=&Vari[2015], height=70, width=&vari[1008] }
			{ outline_upper=1 }
			{ outline_lower=1 }
			{ outline_right=1 }
			{ outline_left =1 }
			{ data=2002, Offset_dx=&Vari[1009], Offset_dy=50 }

		/* Men */
		cell[3] { call=1, height=70, width=200 }
			{ outline_upper=1 }
			{ outline_lower=1 }
			{ outline_right=1 }
			{ data=2003, Offset_dx=170, Offset_dy=50 }
		
		/* Women */
		cell[4] { call=1, height=70, width=200 }
			{ outline_upper=1 }
			{ outline_lower=1 }
			{ outline_right=1 }
			{ data=2004, Offset_dx=170, Offset_dy=50 }
		
		/* Total */
		cell[5] { call=1, height=70, width=200 }
			{ outline_upper=1 }
			{ outline_lower=1 }
			{ outline_right=1 }
			{ data=2005, Offset_dx=170, Offset_dy=50 }


Table 103 /* -- TABLA DE TOTALS -- */

	template[0] { call=1, height=70  }

		/* Total: */
		cell[0] { call=1, height=70, width=150 }
			{ outline_upper=1 }
			{ outline_lower=1 }
			{ outline_right=1 }
			{ outline_left =1 }
			{ data=1017, Offset_dx=20, Offset_dy=50 }

		/* Groups Total */
		cell[1] { call=1, height=70, width=620 }
			{ outline_upper=1 }
			{ outline_lower=1 }
			{ outline_right=1 }
			{ data=2010, Offset_dx=20, Offset_dy=50 }
				
		/* Event Total */
		cell[2] { call=&Vari[2015], height=70, width=&vari[1008] }
			{ outline_upper=1 }
			{ outline_lower=1 }
			{ outline_right=1 }
			{ outline_left =1 }
			{ data=2011, Offset_dx=&Vari[1009], Offset_dy=50 }

		/* Men Total */
		cell[3] { call=1, height=70, width=200 }
			{ outline_upper=1 }
			{ outline_lower=1 }
			{ outline_right=1 }
			{ data=2012, Offset_dx=170, Offset_dy=50 }
		
		/* Women Total */
		cell[4] { call=1, height=70, width=200 }
			{ outline_upper=1 }
			{ outline_lower=1 }
			{ outline_right=1 }
			{ data=2013, Offset_dx=170, Offset_dy=50 }
		
		/* Total Total */
		cell[5] { call=1, height=70, width=200 }
			{ outline_upper=1 }
			{ outline_lower=1 }
			{ outline_right=1 }
			{ data=2014, Offset_dx=170, Offset_dy=50 }

/* -- ZONA DE DECLARACION DE LINEAS ------------------------------ */

Line 1000 /* Cabecera Entry List by Noc */
    	{ font   = &Vari[509] }
    	{ jump_d =  140 }
    	{ Table  =  101 ,corx=&Vari[901]}

Line 1010 /* Tabla de registros */
    	{ font   = &Vari[509] }
    	{ Table  =  102 ,corx=&Vari[901] }


Line 1020 /* Ranking */
    	{ font   = &Vari[509] }
    	{ Table  =  103 ,corx=&Vari[901] }

Line 1030 /* Legend */
    	{ data  =  1003 ,corx=&Vari[1000],cory=&Vari[2000]}
    	{ data  =  1004 ,corx=&Vari[1000],cory=&Vari[2001]}

Line 1040 /* NOC Code */
    	{ jump_r = 20 }
    	{ jump_d = 85 }
    	{ data  =  1010 }
    	{ jump_d = 45 }
    	{ data  =  1011 }

Line 3000 /* Noc*/
    	{ jump_r = 20 }
    	{ jump_d = 45 }
	{ Data = 1010 }
    	{ jump_d = 45 }
	{ Data = 1010 }

Line 3100 /* Text */
    	{ jump_r = &Vari[1007] }
    	{ jump_d = 45 }
	{ Data = 1015 }
    	{ jump_d = 45 }
	{ Data = 1016 }

Line 3200 /* NOC */
    	{ jump_r = 20 }
    	{ jump_d = 35 }
	{ Data = 2000 }
    	{ jump_d = 45 }
	{ Data = 2001 }
  
Line 105  /* **** As of ************************************ */
	{ font = &Vari[513] }	
	{ data=208, corx=  &Vari[1000], cory=25 } /* As of ------- */
