
/* Fuentes usadas en este lis ----------------------------------- */
/* -- ZONA DE DECLARACION DE VARIABLES DE FUENTES NO CAMBIAR--- */
Vari[500]=6060
Vari[501]=6061
Vari[502]=6070
Vari[503]=6071
Vari[504]=6080
Vari[505]=6081
Vari[506]=6090
Vari[507]=6091
Vari[508]=6100
Vari[509]=6101
Vari[510]=6110
Vari[511]=6111
Vari[512]=6120
Vari[513]=6121
Vari[514]=6130
Vari[515]=6131
Vari[516]=6140
Vari[517]=6141
Vari[518]=6150
Vari[519]=6151
Vari[520]=6160
Vari[521]=6161
Vari[522]      
Vari[523]     
Vari[524]     
Vari[525] 

Vari[9000]=6090
Vari[9001]=6091
Vari[9002]=6101
Vari[9003]=6121
Vari[9004]=6131
Vari[9005]=6141



Vari[ 1] = 180	/* -- Alto reservado antes de saltar de pagina Individual	-- */
Vari[ 2] = 300	/* -- Alto reservado antes de saltar de pagina Team			-- */
Vari[ 4] = 9	/* -- Numero de columnas a pintar                  			-- */
Vari[ 5] = 0	/* getXCenter() */
Vari[ 6] = 8	/* Numero de celdas a pintar 								-- */
Vari[ 7] = 8	/* Coordenada x donde empieza a pintar						-- */

Vari[11]=  3	/* --  Linea Superior  para celda (upper) (calculos internos) -- */
Vari[12]=  3	/* --  Linea Inferior  para celda (lower) (calculos internos) -- */
Vari[13]=  3	/* --  Linea izquierda para celda (left)  (calculos internos) -- */
Vari[14]=  3	/* --  Linea Derecha   para celda (right) (calculos internos) -- */

Vari[15] = 0	/* */
Vari[16] = 0	/* */
Vari[17] = 0	/* */
Vari[18] = 0	/* */
Vari[19] = 0	/* */

Vari[20] = 0	/* */
Vari[21] = 0	/* */
Vari[22] = 0	/* */
Vari[23] = 0	/* */

Vari[25] = 1	/* Decido si pintar el rating final o no */


/* Numero de ejecuciones de las celdas				*/
Vari[ 100] =	1   /* Rank			               	*/
Vari[ 101] =	1   /* Master Type	             	*/
Vari[ 102] =	1   /* NOC Code		             	*/
Vari[ 103] =	1   /* Name			             	*/
Vari[ 104] =	1   /* Initial Rating              	*/
Vari[ 105] =	1   /* Points				       	*/
Vari[ 106] =	1   /* Final Rating				 	*/
Vari[ 107] =	1   /* Medal		               	*/


/* Ancho de cada una de las celdas */
Vari[ 200] =	120 /* Ancho de Rank				*/
Vari[ 201] =	110 /* Ancho de Master Type			*/
Vari[ 202] =	130 /* Ancho de NOC Code			*/
Vari[ 203] =	550 /* Ancho de Name				*/
Vari[ 204] =	180 /* Ancho de Initial Rating		*/
Vari[ 205] =	180 /* Ancho de Points				*/
Vari[ 206] =	180 /* Ancho de Final Rating		*/
Vari[ 207] =	180 /* Medal					    */

Vari[ 220] =	360 /* Rank+Master Type+NOC Code	*/


/* Offset x de cada una de las celdas  Cabecera */
Vari[ 300] =	60  /* Offset de Rank        		*/
Vari[ 301] =	55  /* Offset de Master Type		*/
Vari[ 302] =	65  /* Offset de NOC Code			*/
Vari[ 303] = 	10  /* Offset de Name				*/
Vari[ 304] =	90  /* Offset de Initial Rating		*/
Vari[ 305] =	90  /* Offset de Points				*/
Vari[ 306] =	90  /* Offset de Final Rating		*/
Vari[ 307] =	90  /* Offset de Medal				*/


/* Offset x de cada una de las celdas  Cuerpo */
Vari[ 400] =	105 /* Offset de Rank        		*/
Vari[ 401] =	55  /* Offset de Master Type		*/
Vari[ 402] =	65  /* Offset de NOC Code			*/
Vari[ 403] = 	10  /* Offset de Name				*/
Vari[ 404] =	90  /* Offset de Initial Rating		*/
Vari[ 405] =	90  /* Offset de Points				*/
Vari[ 406] =	90  /* Offset de Final Rating		*/
Vari[ 407] =	90  /* Offset de Medal				*/


/**************************************/
/* -- ZONA DE DECLARACION DE DATOS -- */
/**************************************/

/* -- Carteles y Datos iniciales */
data[100]    				, d_al=1, font=&Vari[515]	/* Vacío */
data[101]					, d_al=1, font=&Vari[513]	/* Vacío */
data[102]					, d_al=1, font=&Vari[513]	/* Vacío */
data[103]					, d_al=1, font=&Vari[509]	/* Vacío */
data[104]					, d_al=1, font=&Vari[509]	/* Vacío */
data[105]					, d_al=1, font=&Vari[515]	/* Vacío */
data[106]					, d_al=1, font=&Vari[515]	/* Vacío */

/* Carteles de Celdas */
data[200], lcpy="Rank"		, d_al=1, font=&Vari[507]
data[201],            	      d_al=1, font=&Vari[507]
data[202], lcpy="Name"		, d_al=0, font=&Vari[507]
data[203], lcpy="I.Rating"	, d_al=1, font=&Vari[507]
data[204], lcpy="Points"	, d_al=1, font=&Vari[507]
data[205], lcpy="F.Rating"	, d_al=1, font=&Vari[507]
data[206], lcpy="Medal"		, d_al=1, font=&Vari[507]
data[207], lcpy="Code"		, d_al=1, font=&Vari[507]

data[210], lcpy="Gold"		, d_al=0, font=&Vari[506]
data[211], lcpy="Silver"	, d_al=0, font=&Vari[506]
data[212], lcpy="Bronze"	, d_al=0, font=&Vari[506]


/* Datos de Celdas */
data[300]					, d_al=2, font=&Vari[506]		/* Dato Rank */
data[301]					, d_al=1, font=&Vari[506]		/* Dato Master Type */
data[302]					, d_al=1, font=&Vari[506]		/* Dato NOC Code */
data[303]					, d_al=0, font=&Vari[506]		/* Dato Name */
data[304]					, d_al=1, font=&Vari[506]		/* Dato Initial Rating */
data[305]					, d_al=1, font=&Vari[506]		/* Dato Points */
data[306]					, d_al=1, font=&Vari[506]		/* Dato Final Rating */
data[307]					, d_al=1, font=&Vari[506]		/* Dato Medal */
data[308]					, d_al=1, font=&Vari[506]		/* Dato Master Type Member */
data[309]					, d_al=0, font=&Vari[506]		/* Dato Name Member */

data[0], lcpy=" "			, d_al=0, font=&Vari[506]

data[1500], d_al=1, lcpy= "Legend"				,	font=&Vari[507]

/***************************************/
/* -- ZONA DE DECLARACION DE TABLAS -- */
/***************************************/

Table 1 /* -- TABLA FINAL STANDIGS CABECERA -- */

	template[0] { call=1, height=100 }
		cell[0]
			{ call=&Vari[100], height=100, width=&Vari[200] }
			{ outline_upper=3 }	{ outline_lower=3 }
			{ outline_left =3 } { outline_right=0 }
			{ data	= 200, Offset_dx=&Vari[300], Offset_dy=60 }		/* Cartel Rank */

		cell[1]
			{ call=&Vari[101], height=100, width=&Vari[201] }
			{ outline_upper=3 }	{ outline_lower=3 }
			{ outline_left =3 } { outline_right=0 }
															/* Cartel Master Type=" " */

		cell[2]
			{ call=&Vari[102], height=100, width=&Vari[202]}
			{ outline_upper=3 }	{ outline_lower=3 }
			{ outline_left =3 } { outline_right=0 }
			{ Run_line=100, Offset_lx=&Vari[302], Offset_ly=45 }	/* Cartel NOC */
			

		cell[3]
			{ call=&Vari[103], height=100, width=&Vari[203] }
			{ outline_upper=3 }	{ outline_lower=3 }
			{ outline_left =3 } { outline_right=0 }
			{ data	= 202, Offset_dx=&Vari[303], Offset_dy=60 }		/* Cartel Name */

		
		cell[4]
			{ call=&Vari[104], height=100, width=&Vari[204] }
			{ outline_upper=3 }	{ outline_lower=3 }
			{ outline_left =3 } { outline_right=0 }
			{ data	= 203, Offset_dx=&Vari[304], Offset_dy=60 }		/* Cartel Initial Rating */

		cell[5]
			{ call=&Vari[105], height=100, width=&Vari[205] }
			{ outline_upper=3 }	{ outline_lower=3 }
			{ outline_left =3 } { outline_right=0 }
			{ data	= 204, Offset_dx=&Vari[305], Offset_dy=60 }		/* Cartel Points */

		cell[6]
			{ call=&Vari[106], height=100, width=&Vari[206] }
			{ outline_upper=3 }	{ outline_lower=3 }
			{ outline_left =3 } { outline_right=0 }
			{ data	= 205, Offset_dx=&Vari[306], Offset_dy=60 }		/* Cartel Final Rating */

		cell[7]
			{ call=&Vari[107], height=100, width=&Vari[207] }
			{ outline_upper=3 }	{ outline_lower=3 }
			{ outline_left =3 } { outline_right=3 }
			{ data	= 206, Offset_dx=&Vari[307], Offset_dy=60 }		/* Cartel Final Rating */

	

Table 2 /* -- TABLA EVENT RESULTS DETALLE -- */

	template[0] { call=1, height=80 }
		
		cell[0]
			{ call=&Vari[100], height=80, width=&Vari[200] }
			{ outline_upper=2 }	{ outline_lower=2 }
			{ outline_left =2 } { outline_right=0 }
			{ data	= 300, Offset_dx=&Vari[400], Offset_dy=60 }	/* Dato Rank */

		cell[1]
			{ call=&Vari[101], height=80, width=&Vari[201] }
			{ outline_upper=2 }	{ outline_lower=2 }
			{ outline_left =2 } { outline_right=0 }
			{ data	= 301, Offset_dx=&Vari[401], Offset_dy=60 }		/* Dato Master Type */
	
		cell[2]
			{ call=&Vari[102], height=80, width=&Vari[202] }
			{ outline_upper=2 }	{ outline_lower=2 }
			{ outline_left =2 } { outline_right=0 }
			{ data	= 302, Offset_dx=&Vari[402], Offset_dy=60 }		/* Dato NOC Code */

		cell[3]
			{ call=&Vari[103], height=80, width=&Vari[203] }
			{ outline_upper=2 }	{ outline_lower=2 }
			{ outline_left =2 } { outline_right=0 }
			{ data	= 303, Offset_dx=&Vari[403], Offset_dy=60 }		/* Dato Name */

		cell[4]
			{ call=&Vari[104], height=80, width=&Vari[204] }
			{ outline_upper=2 }	{ outline_lower=2 }
			{ outline_left =2 } { outline_right=0 }
			{ data	= 304, Offset_dx=&Vari[404], Offset_dy=60 }		/* Dato Initial Rating */

		cell[5]
			{ call=&Vari[105], height=80, width=&Vari[205] }
			{ outline_upper=2 }	{ outline_lower=2 }
			{ outline_left =2 } { outline_right=0 }
			{ data	= 305, Offset_dx=&Vari[405], Offset_dy=60 }		/* Dato Points */

		cell[6]
			{ call=&Vari[106], height=80, width=&Vari[206] }
			{ outline_upper=2 }	{ outline_lower=2 }
			{ outline_left =2 } { outline_right=0 }
			{ data	= 306, Offset_dx=&Vari[406], Offset_dy=60 }		/* Dato Final Rating */

		cell[7]
			{ call=&Vari[107], height=80, width=&Vari[207] }
			{ outline_upper=2 }	{ outline_lower=2 }
			{ outline_left =2 } { outline_right=2 }
			{ data	= 307, Offset_dx=&Vari[407], Offset_dy=60 }		/* Dato Medal */


Table 3 /* -- TABLA MEMBER DETALLE -- */

	template[0] { call=1, height=50 }
		
		cell[0]	{ call=1, height=40, width=&Vari[201] }
			{ Offset_x= &Vari[200] }
			{ data	= 308, Offset_dx=&Vari[401], Offset_dy=30 }		/* Dato Master Type Member */

		cell[1]	{ call=1, height=40, width=&Vari[203] }
			{ Offset_x= &Vari[202] }
			{ data	= 309, Offset_dx=&Vari[403], Offset_dy=30 }		/* Dato Name Member */
	

/**************************************************/
/* -- ZONA DE DECLARACION DE LINEAS (RUNLINES) -- */
/**************************************************/

/*******************************************/
/* Línea para la Tabla de Standings Cabecera */
/*******************************************/
Line 1
    { Table = 1, corx=&Vari[7] }
	{ jump_d = 20 }

/******************************************/
/* Línea para la Tabla de Ranking Detalle */
/******************************************/
Line 2
	{ Table = 2, corx=&Vari[7] }
	{ jump_d = 20 }

Line 3
	{ Table = 3, corx=&Vari[7] }


Line 100  /* **** Linea de NOC Code ***************************** */
	{ Data=201 }	/* NOC , Coge del .lis general */
	{ jump_d=40 }
	{ Data=207 }    /* Code */
