/* -- ZONA DE DECLARACION DE VARIABLES DE FUENTES NO CAMBIAR--- */
Vari[500]=6060
Vari[501]=6061
Vari[502]=6070
Vari[503]=6071
Vari[504]=6080
Vari[505]=6081
Vari[506]=6080
Vari[507]=6071
Vari[508]=6080
Vari[509]=6081
Vari[510]=6110
Vari[511]=6111
Vari[512]=6120
Vari[513]=6121
Vari[514]=6130
Vari[515]=6131
Vari[516]=6140
Vari[517]=6141
Vari[518]=6150
Vari[519]=6151
Vari[520]=6160
Vari[521]=6161
Vari[522]      
Vari[523]     
Vari[524]     
Vari[525]  

_Box 1	/* Box para encuadre del margen inferior. */
	B_bb=3, B_wi=&Vari[1006], B_he=110

/* Variables de control */
	Vari[800]= 120	/* Alto en pixel de la linea de datos(120) */
	Vari[900]= 510	/* La leyenda, y el comentario (40) */
	Vari[901]=   0	/* Cory donde va la leyenda */
	Vari[902]=   0	/* Cory donde va la leyenda */
	Vari[903]=   0	/* Cory donde va la leyenda */
	
	
/*  Carteles para el nombre del report y datos de la cabecera, Se pintan en la linea 1000. */		
	Vari[1000]=0	/* Posicion central del papel, se asigna internamente. */
	Vari[1001]=0	/* Indica si hay que pintar el outline_lower de la caja de noc*/
	Vari[1002]=60	/* Altura de las cajas de registro */
	Vari[1003]=120	/* Altura de las cajas de registro con un solo registro*/
	Vari[1004]=60	/* Altura de una linea, realmente asignada */
	Vari[1005]=560	/* Anchura minima del conjunto de eventos*/
	Vari[1006]=0	/* Anchura real del conjunto de eventos*/
	Vari[1007]=260	/* Centro del conjunto de eventos*/
	Vari[1008]=77  /* Anchura de las cajas de ranking*/
	Vari[1009]=39	/* Centro de las cajas de ranking*/
	Vari[1010]=0	/* Borde inferior de registros (excepto de NOc)*/
	Vari[1011]=0	/* Borde superior de NOc*/
	Vari[1012]=2	/* Grosor borde ancho */
	Vari[1013]=1	/* Grosor borde fino */

	data[1003], d_al=1, lcpy= "Legend:",			font=&Vari[503] 
	data[1004], d_al=1,								font=&Vari[502] 
	data[1005], d_al=1, lcpy= "* - Denotes that a player competing in a singles event does not have a world ranking",font=&Vari[502] 
	data[1006], d_al=1, lcpy= "(a) and (a), (b) and (b), etc. - Denotes players competing together in doubles who do not have a world ranking ",	font=&Vari[502] 
	data[1007], d_al=0, lcpy= "Note:",			font=&Vari[503] 
	data[1008], d_al=0, lcpy= " Players/pairs without world rankings are either continental or host wildcards",font=&Vari[502] 

	data[1010], d_al=0,             			font=&Vari[509] 
	data[1011], d_al=0, lcpy= "Code",			font=&Vari[509] 
	data[1012], d_al=0, lcpy= "Name",			font=&Vari[509] 
	data[1013], d_al=1, lcpy= "Gender",			font=&Vari[509] 
	data[1014], d_al=2, lcpy= "Date of Birth",		font=&Vari[509] 
	data[1015], d_al=1, lcpy= "Event Participation",	font=&Vari[509] 
	data[1016], d_al=1, lcpy= "Ranking at ",		font=&Vari[507] 
	data[1017], d_al=1,					font=&Vari[507] 
	data[1018], d_al=1, lcpy= "*",	 			font=&Vari[507] 
	
Vari[2010]=30	/* Posicion inicial de pintado. Se asigna al dato World Ranking */
Vari[2011]=120	/* Posicion relativa de pintado. Se desplaza antes del dato NOC */
Vari[2012]=760	/* Posicion relativa de pintado. Se desplaza antes del dato Name */
Vari[2013]=820	/* Posicion relativa de pintado. Se desplaza antes del dato Date of Birth */
Vari[2014]=820	/* Posicion relativa de pintado. Se desplaza antes del dato Date of Birth */
Vari[2015]=0	/* call de la celda Ranking */

/*  Datos del cuerpo, se pintan en la linea 2000 */		
	data[2000],font=&Vari[506], d_al=0		/* Noc */ 
	data[2001],font=&Vari[506], d_al=0		/* Noc Code */ 

	data[2011],font=&Vari[504], d_al=0		/* Name */ 
	data[2012],font=&Vari[508], d_al=1		/* Gender */ 
	data[2013],font=&Vari[508], d_al=2		/* Date of Birth */ 
	data[2014],font=&Vari[508], d_al=2		/* */ 
	data[2015],font=&Vari[508], d_al=2		/* */ 

	data[2020],font=&Vari[506], d_al=1		/* Ranking */ 
	data[2030],font=&Vari[506], d_al=2		/* Ranking */ 
	data[2040],font=&Vari[507], d_al=1		/* Event */ 

Data[208], d_al=1 ,font=&Vari[513]			/* As of        */

Table 101 /* -- TABLA DE CABECERAS -- */

	T_cx = 50

	template[0] { call=1, height=180  }

		/* NOC Code */
		cell[0] { call=1, height=180, width=120 }
			{ outline_upper=2 }			{ outline_lower=2 }
			{ outline_left =2 }			{ outline_right=0 }
			{ Run_Line=3000, Offset_lx=10, Offset_ly=75 }

		/* NOC */
		cell[1] { call=1, height=180, width=500 }
			{ outline_upper=2 }			{ outline_lower=2 }
			{ outline_left =0 }			{ outline_right=2 }
			{ data=1010, Offset_dx=5, Offset_dy=105 }

		/* Name */
		cell[2] { call=1, height=180, width=550 }
			{ outline_upper=2 }			{ outline_lower=2 }
			{ outline_left =0 }			{ outline_right=2 }
			{ data=1012, Offset_dx=10, Offset_dy=105 }

		/* Gender */
		cell[3] { call=1, height=180, width=160 }
			{ outline_upper=2 }			{ outline_lower=2 }
			{ outline_left =0 }			{ outline_right=2 }
			{ data=1013, Offset_dx=80, Offset_dy=105 }

		/* Date of Birth */
		cell[4] { call=1, height=180, width=300 }
			{ outline_upper=2 }			{ outline_lower=2 }
			{ outline_left =0 }			{ outline_right=2 }
			{ data=1014, Offset_dx=290, Offset_dy=105 }

		/* Texto */
		cell[5] { call=1, height=110, width=&Vari[1006] }
			{ outline_upper=2 }			{ outline_lower=0 }
			{ outline_left =0 }			{ outline_right=2 }
			{ Run_Line=3100 }

		newl=110 

		/* Event */
		cell[6] { call=1, height=70, width=0 }
                    { Offset_x=1630, Offset_y=110 }
		
		cell[7] { call=&Vari[2015], height=70, width=&vari[1008] }
			{ outline_upper=2 }			{ outline_lower=2 }
			{ outline_left =1 }			{ outline_right=2 }
			{ data=2040, Offset_dx=&vari[1009], Offset_dy=45 }



Table 102 /* -- TABLA DE REGISTROS -- */

	T_cx = 50

	template[0] { call=1, height=&Vari[1004]  }

		/* NOC Code */
		cell[0] { call=1, height=&Vari[1004], width=120 }
			{ outline_upper=0 }			{ outline_lower=&vari[1010] }
			{ outline_left =1 }			{ outline_right=0 }
			{ data=2001, Offset_dx=10, Offset_dy=45 }

		/* NOC */
		cell[1] { call=1, height=&Vari[1004], width=500 }
			{ outline_upper=0 }			{ outline_lower=&vari[1010] }
			{ outline_left =0 }			{ outline_right=1 }
			{ data=2000, Offset_dx=5, Offset_dy=45 }

		/* Name */
		cell[2] { call=1, height=&Vari[1004], width=550 }
			{ outline_upper=1 }			{ outline_lower=&vari[1010] }
			{ outline_left =0 }			{ outline_right=1 }
			{ data=2011, Offset_dx=10, Offset_dy=45 }

		/* Gender */
		cell[3] { call=1, height=&Vari[1004], width=160 }
			{ outline_upper=1 }			{ outline_lower=&vari[1010] }
			{ outline_left =0 }			{ outline_right=1 }
			{ data=2012, Offset_dx=80, Offset_dy=45 }

		/* Date of Birth */
		cell[4] { call=1, height=&Vari[1004], width=300 }
			{ outline_upper=1 }			{ outline_lower=&vari[1010] }
			{ outline_left =0 }			{ outline_right=1 }
			{ data=2013, Offset_dx=290, Offset_dy=45 }

		/* Ranking */
		cell[5] { call=&Vari[2015], height=&Vari[1004], width=&vari[1008] }
			{ outline_upper=1 }			{ outline_lower=&vari[1010] }
			{ outline_left =1 }			{ outline_right=1 }
			{ data=2020, Offset_dx=&vari[1009], Offset_dy=45 }



/* -- ZONA DE DECLARACION DE LINEAS ------------------------------ */

Line 105  /* **** As of ************************************ */
	{ data=208, corx=&Vari[1000], cory=50 } /* As of ------- */


Line 1000 /* Cabecera Entry List by Noc */
   	{ font   = &Vari[509] }
    	{ jump_d =  140 }
   	{ Table  =  101 }
		

Line 1010 /* Tabla de registros */
   	{ font   = &Vari[509] }
   	{ Table  =  102 }

Line 1040 /* Legend */
   	{ data  =  1003 ,corx=&Vari[1000],cory=&Vari[901]}
   	{ data  =  1004 ,corx=&Vari[1000],cory=&Vari[902]}
   	   	
Line 3000 /* Noc Code */
   	{ Data = 1010 }
    	{ jump_d = 45 }
	{ Data = 1011 }

Line 3100 /* Texto */
    	{ jump_r = &Vari[1007] }
    	{ jump_d = 65 }
	{ Data = 1015 }
    	{ jump_d = 45 }
	{ Data = 1017 }
