
/* -- ZONA DE DECLARACION DE VARIABLES ------------------------------- */

Vari[100]=   0 /* - Coordenada X central ----------------------------- */
Vari[101]= 350 /* - Salto de pagina (Tamaño de las leyendas) --------- */
Vari[102]=   0 /* - outline_lower, pinta linea inferior De los datos - */

Vari[210]=   0   /* - RunLine para nombre de los medallistas       ----- */
Vari[211]= 300 /* - RunLine para nombre de los medallistas Individuales  ----- */
Vari[212]= 400 /* - RunLine para nombre de los medallistas Dobles        ----- */

Vari[213]=   0 /* - Alto de linea										 ------*/
Vari[214]= 100 /* - Alto de linea para individuales						 ------*/
Vari[215]= 140 /* - Alto de linea para dobles    						 ------*/

Vari[216]=   0 /* - Posicion en Y				  						 ------*/
Vari[217]=  65 /* - Posicion en Y para individuales						 ------*/
Vari[218]=  85 /* - Posicion en Y para dobles    						 ------*/


Vari[400]=1950 /*--- tamaño de la Tabla -------------------*/
Vari[401]=   0 /*--- Cor x de la Tabla  -------------------*/
Vari[402]=  20 /*--- Cor x Event --------------------------*/
Vari[403]= 350 /*--- Cor x Data  --------------------------*/
Vari[404]= 650 /*--- Cor x Medal --------------------------*/
Vari[405]=1480 /*--- Cor x NOC ----------------------------*/
Vari[406]= 880 /*--- Cor x Register Name and medallisr  ---*/


Vari[600]= 601 /* - Data de las leyendas --------------------- */
Vari[601]= 300 /* - cor y de las leyendas, yMax-Vari(600) ---- */


Vari[312]=500
Vari[315]=50
Vari[318]=105



Data[304]
Data[305]
Data[306]

/* -- ZONA DE DECLARACION DE CARTELES ---------------------------- */

Data[100], lcpy="MEDALLIST BY EVENT", d_al=1, font=6141
Data[101], lcpy="Event"             , d_al=0, font=6111
Data[102], lcpy="Date"              , d_al=2, font=6111
Data[103], lcpy="Medal"             , d_al=0, font=6111
Data[104], lcpy="Name"              , d_al=0, font=6111
Data[105],						      d_al=0, font=6111
Data[106],							  d_al=0, font=6111
Data[107], lcpy="NPC"               , d_al=0, font=6111

Data[1010], lcpy="AFTER"
Data[1011], lcpy="OF"
Data[1012], lcpy="EVENTS"

Data[99],d_al=1, font=6081

/* -- ZONA DE DECLARACION DE DATOS ------------------------------- */

Data[200], d_al=0, font=6090 /* pEvent->getLDescription() */
Data[201], d_al=2, font=6090 /* pMedallist->getDateAsString() */
Data[202], d_al=0, font=6090 /* pMedallist->getMedal()->getLDescription() */
Data[203], d_al=0, font=6090 /* pMedallist->getInscription()->getRegister()->getPrnLName() */
Data[204], d_al=0, font=6090 /* pMember->getRegister()->getPrnLName() */
Data[205], d_al=0, font=6090 /* aGroup */

/* -- ZONA DE DECLARACION DE DATOS DE LEYENDAS ------------------- */

Data[600], d_al=0, font=7091, lcpy="Note :"                   
Data[601], d_al=0, font=7091, lcpy="Events still to be held"
Data[602], d_al=0, font=7090 /* pEvent->getLDescription() */


/* -- ZONA DE DECLARACION DE TABLAS ------------------------------ */

Table 100 /* ---- TABLA DE CABECERAS ALL EVENTS ---- */

	T_cx=0

	template[100] { call=1, height=100 }

		/* Event */
		cell[101] { call=1, height=100, width=550 }
			{ outline_upper=1 }
			{ outline_lower=1 }
			{ outline_left =1 }
			{ outline_right=0 }
			{ data=101, Offset_dx=20, Offset_dy=65 }

		/* Date */
		cell[102] { call=1, height=100, width=300 }
			{ outline_upper=1 }
			{ outline_lower=1 }
			{ outline_left =1 }
			{ outline_right=0 }
			{ data=102, Offset_dx=290, Offset_dy=65 }

		/* Medal */
		cell[103] { call=1, height=100, width=230 }
			{ outline_upper=1 }
			{ outline_lower=1 }
			{ outline_left =1 }
			{ outline_right=0 }
			{ data=103, Offset_dx=10, Offset_dy=65 }

		/* Name */
		cell[104] { call=1, height=100, width=600 }
			{ outline_upper=1 }
			{ outline_lower=1 }
			{ outline_left =1 }
			{ outline_right=0 }
			{ data=104, Offset_dx=10, Offset_dy=65 }

		/* NOC */
		cell[105] { call=1, height=100, width=250 }
			{ outline_upper=1 }
			{ outline_lower=1 }
			{ outline_left =1 }
			{ outline_right=1 }
			{ data=105, Offset_dx=10, Offset_dy=65 }

/* -- ZONA DE DECLARACION DE TABLAS ------------------------------ */

Table 101 /* ---- TABLA DE CABECERAS ONE EVENT ---- */

	T_cx=0

	
	template[100] { call=1, height=100 }
		/* Medal */
		cell[103] { call=1, height=100, width=230 }
			{ outline_upper=1 }
			{ outline_lower=1 }
			{ outline_left =1 }
			{ outline_right=0 }
			{ data=103, Offset_dx=10, Offset_dy=65 }

		/* Name */
		cell[104] { call=1, height=100, width=750 }
			{ outline_upper=1 }
			{ outline_lower=1 }
			{ outline_left =1 }
			{ outline_right=0 }
			{ data=104, Offset_dx=10, Offset_dy=65 }

		/* NOC */
		cell[105] { call=1, height=100, width=650 }
			{ outline_upper=1 }
			{ outline_lower=1 }
			{ outline_left =1 }
			{ outline_right=1 }
			{ data=106, Offset_dx=10, Offset_dy=65 }


Table 200 /* ---- TABLA DE DATOS ALL EVENTS ---- */

	T_cx=0

	template[200] { call=1, height=&Vari[213] }

		/* Event */
		cell[201] { call=1, height=&Vari[213], width=550 }
			{ outline_upper=0 }
			{ outline_lower=&Vari[102] }
			{ outline_left =1 }
			{ outline_right=0 }
			{ data=200, Offset_dx=20, Offset_dy=&Vari[216] }

		/* Date */
		cell[202] { call=1, height=&Vari[213], width=300 }
			{ outline_upper=0 }
			{ outline_lower=&Vari[102] }
			{ outline_left =1 }
			{ outline_right=0 }
			{ data=201, Offset_dx=290, Offset_dy=&Vari[216] }

		/* Medal */
		cell[203] { call=1, height=&Vari[213], width=230 }
			{ outline_upper=0 }
			{ outline_lower=2 }
			{ outline_left =1 }
			{ outline_right=0 }
			{ data=202, Offset_dx=10, Offset_dy=&Vari[216] }

		/* Name */
		cell[204] { call=1, height=&Vari[213], width=600 }
			{ outline_upper=0 }
			{ outline_lower=2 }
			{ outline_left =1 }
			{ outline_right=0 }
			{ Run_Line=&Vari[210], Offset_dx=10, Offset_dy=&Vari[216] }

		/* NOC  Code*/
		cell[205] { call=1, height=&Vari[213], width=250 }
			{ outline_upper=0 }
			{ outline_lower=2 }
			{ outline_left =1 }
			{ outline_right=1 }
			{ data=205, Offset_dx=10, Offset_dy=&Vari[216] }

Table 201 /* ---- TABLA DE DATOS ONE EVENT ---- */

	T_cx=0

	template[200] { call=1, height=&Vari[213] }

		/* Medal */
		cell[203] { call=1, height=&Vari[213], width=230 }
			{ outline_upper=1 }
			{ outline_lower=1 }
			{ outline_left =1 }
			{ outline_right=0 }
			{ data=202, Offset_dx=10, Offset_dy=&Vari[216] }

		/* Name */
		cell[204] { call=1, height=&Vari[213], width=750 }
			{ outline_upper=1 }
			{ outline_lower=1 }
			{ outline_left =1 }
			{ outline_right=0 }
			{ Run_Line=&Vari[210], Offset_dx=10, Offset_dy=&Vari[216] }

		/* NOC  Code*/
		cell[205] { call=1, height=&Vari[213], width=650 }
			{ outline_upper=1 }
			{ outline_lower=1 }
			{ outline_left =1 }
			{ outline_right=1 }
			{ data=205, Offset_dx=10, Offset_dy=&Vari[216] }


Table 600 /* ---- TABLA DE LEYENDAS ---- */

	template[600] { call=1, height=50 }

		/* Event */
		cell[601] { call=1, height=50, width=500 }
			{ outline_upper=1 }
			{ outline_lower=1 }
			{ outline_left =1 }
			{ outline_right=1 }
			{ data=&Vari[600], Offset_dx=20, Offset_dy=35 }



/* -- ZONA DE DECLARACION DE LINEAS ------------------------------ */
Vari[500] = 4101 /* - Fuente AFTER x OF y EVENTS -------------- */
Data[110], d_al=1, font=&Vari[500] /* AFTER x OF y EVENTS     */
Line  110  /* **** AFTER 2 OF 5 EVENTS **************************** */
	{ data = 110, corx = &Vari[100], cory =  100 }

Line 100  /* **** Nombre del Report y Cabeceras ****************** */
    { Table=100, corx=&Vari[401], cory=140 } /* Tabla de Cabeceras */

Line 101  /* **** Nombre del Report y Cabeceras ****************** */
    { Table=101, corx=&Vari[401], cory=80 } /* Tabla de Cabeceras */

Line 200  /* **** Datos ****************************** */
	{ Table=200, corx=&Vari[401] }			/* Tabla de Datos */

Line 201  /* **** Datos ****************************** */
	{ Table=201, corx=&Vari[401] }			/* Tabla de Datos */

Line 300  /* **** Nombre Registro individual********************** */
	{ Jump_r=10 }
	{ Jump_d=65 }
	{ data=203}

Line 402  /* **** Nombre de los Miembros ************************* */
	{ Jump_r=10 }
	{ Jump_d=60 }
	{ data=203}
	{ Jump_d=45 }
	{ data=204}

Line 403  /* **** Nombre de los Miembros ************************* */
	{ Jump_r=10 }
	{ Jump_d=50 }
	{ data=203}
	{ Jump_d=45 }
	{ data=204}
	{ Jump_d=45 }
	{ data=304}

Line 404  /* **** Nombre de los Miembros ************************* */
	{ Jump_r=10 }
	{ Jump_d=45 }
	{ data=203}
	{ Jump_d=45 }
	{ data=204}
	{ Jump_d=45 }
	{ data=304}
	{ Jump_d=45 }
	{ data=305}
	
Line 405  /* **** Nombre de los Miembros ************************* */
	{ Jump_r=10 }
	{ Jump_d=45 }
	{ data=203}
	{ Jump_d=45 }
	{ data=204}
	{ Jump_d=45 }
	{ data=304}
	{ Jump_d=45 }
	{ data=305}
	{ Jump_d=45 }
	{ data=306}

Line 600  /* **** Cabecera de leyendas *************************** */
	{ data=600, corx=20, cory=&Vari[601] } /* Note : */
	{ jump_d=20 }

Line 601  /* **** Dato de leyendas ******************************* */
	{ Table=600, corx=20  } /* Tabla de Cabeceras */
