/* ------------------------------------------------------------------ */
/* --------------------------- Variables ---------------------------- */
/* ------------------------------------------------------------------ */
Vari[500]=6060
Vari[501]=6061
Vari[502]=6070
Vari[503]=6071
Vari[504]=6080
Vari[505]=6081
Vari[506]=6090
Vari[507]=6091
Vari[508]=6100
Vari[509]=6101
Vari[510]=6110
Vari[511]=6111
Vari[512]=6120
Vari[513]=6121
Vari[514]=6130
Vari[515]=6131
Vari[516]=6140
Vari[517]=6141
Vari[518]=6150
Vari[519]=6151
Vari[520]=6160
Vari[521]=6161
Vari[522]      
Vari[523]     
Vari[524]     
Vari[525] 

Vari[1000]=0					/* coordenada y de partida	*/
Vari[1001]=50					/* coordenada x de partida  */
Vari[1002]=200					/* coordenada y (Calculada)	*/
Vari[1003]=50					/* coordenada x (Calculada)	*/

Vari[1004]=0					/* coordenada x del As of	*/

Vari[1011]=6081					/* fuente negrita			*/

/* ------------------------------------------------------------------ */
/* ---------------------------- Carteles ---------------------------- */
/* ------------------------------------------------------------------ */

Data[100],							d_al=1,font=&Vari[507] /* As of */


/* ------------------------------------------------------------------ */
/* ----------------------------- Tablas ----------------------------- */
/* ------------------------------------------------------------------ */

Table 1

	/*====== cabecera ================================================*/
	/*================================================================*/ 

	Vari[11]= 50	/* - Altura del Template 1	- */

	template[1] { call=1, height=&Vari[11] }
		
	Vari[21]= 120	/* - Altura del Template 2	- */

	template[2] { call=1, height=&Vari[21] }
		
		/*------ As of --------------------------- */ 
		Vari[1201]= 100	/* - Ancho	- */
		Vari[1202]= 0	/* - Offsetx	- */
		Vari[1203]= 20	/* - Offsety	- */
		cell[1] { call=1, height=&Vari[21], width=&Vari[1201], fill=0 }
			{ Offset_x=0, Offset_y=0  } 
			{ outline_upper=0 }
			{ outline_lower=0 }
			{ outline_left =0 }
			{ outline_right=0 }
			{ data=100, Offset_dx=&Vari[1202], Offset_dy=&Vari[1203] }

/* -- ZONA DE DECLARACION DE LINEAS ------------------------------ */

Line 1	/* -- Report --- */
		{ table=1,cory=&Vari[1002],corx=&Vari[1003] }


