
/* -- ZONA DE DECLARACION DE VARIABLES --------------------------- */

Vari[100]=   0 /* - Coordenada X central --------------------- */
Vari[101]= 350 /* - Salto de pagina (Tamaño de las leyendas) - */

Vari[500]=   4 /* - Numero de leyendas por linea ------------- */
Vari[501]=  40 /* - Alto de una linea de leyendas ------------ */
Vari[502]=2570 /* - Coordenada Y tope de las leyenda --------- */
Vari[503]=2530 /* - Coordenada Y de la leyenda --------------- */
Vari[504]= 350 /* - Coordenada X de la leyenda --------------- */
Vari[505]= 350 /* - Coordenada X inicial de la leyenda ------- */
Vari[506]= 475 /* - Ancho de una leyenda --------------------- */

/* Fuentes Arial por defecto */
Vari[600]=4131	
Vari[601]=4091
Vari[602]=4090
Vari[603]=4101

/* -- ZONA DE DECLARACION DE CARTELES ---------------------------- */

Data[100], lcpy="MEDAL STANDINGS", d_al=1, font=&Vari[600]

Data[110], lcpy="Rank",            d_al=1, font=&Vari[601]
Data[111], lcpy="By",              d_al=1, font=&Vari[601]
Data[112], lcpy="Gold",            d_al=1, font=&Vari[601]
Data[120],				           d_al=0, font=&Vari[601]
Data[130], lcpy="Men",             d_al=1, font=&Vari[601]
Data[140], lcpy="Women",           d_al=1, font=&Vari[601]
Data[150], lcpy="Team",            d_al=1, font=&Vari[601]
Data[160]
Data[170], lcpy="Total",           d_al=1, font=&Vari[601]
Data[180], lcpy="Rank",            d_al=2, font=&Vari[601]
Data[181], lcpy="by",              d_al=2, font=&Vari[601]
Data[182], lcpy="Total",           d_al=2, font=&Vari[601]
Data[190], lcpy="Name",            d_al=0, font=&Vari[601]
/*Data[200], lcpy="Code",            d_al=0, font=&Vari[601]*/
Data[210], lcpy="G",	           d_al=2, font=&Vari[601]
Data[220], lcpy="S",			   d_al=2, font=&Vari[601]
Data[230], lcpy="B",			   d_al=2, font=&Vari[601]
Data[240], lcpy="Tot",			   d_al=2, font=&Vari[601]
Data[250], lcpy="G",			   d_al=2, font=&Vari[601]
Data[260], lcpy="S",			   d_al=2, font=&Vari[601]
Data[270], lcpy="B",			   d_al=2, font=&Vari[601]
Data[280], lcpy="Tot",			   d_al=2, font=&Vari[601]
Data[290], lcpy="G",			   d_al=2, font=&Vari[601]
Data[300], lcpy="S",			   d_al=2, font=&Vari[601]
Data[310], lcpy="B",			   d_al=2, font=&Vari[601]
Data[320], lcpy="Tot",			   d_al=2, font=&Vari[601]
Data[330], lcpy="G",			   d_al=2, font=&Vari[601]
Data[340], lcpy="S",			   d_al=2, font=&Vari[601]
Data[350], lcpy="B",			   d_al=2, font=&Vari[601]
Data[360], lcpy="Tot",             d_al=2, font=&Vari[601]
/*Data[370], lcpy="Code",            d_al=0, font=&Vari[601]*/
Data[301],                                             d_al=0, font=&Vari[601]
Data[302],						   d_al=0, font=&Vari[601]
Data[303], lcpy="Total Number of %ss: ",             d_al=0, font=&Vari[601]

/* -- ZONA DE DECLARACION DE DATOS ------------------------------- */

Data[401], d_al=2, font=&Vari[602] /* pMedalsByNoc->getRkPo()                     */
Data[402], d_al=0, font=&Vari[602] /* pMedalsByNoc->getGroup()->getLDescription() */
/*Data[403], d_al=0, font=&Vari[602] /* pMedalsByNoc->getGroup()->getGroup()        */
Data[404], d_al=2, font=&Vari[602] /* pMedalsByNoc->getMaleGolds()                */
Data[405], d_al=2, font=&Vari[602] /* pMedalsByNoc->getMaleSilvers()              */
Data[406], d_al=2, font=&Vari[602] /* pMedalsByNoc->getMaleBronzes()              */
Data[407], d_al=2, font=&Vari[602] /* pMedalsByNoc->getTotalMaleMedals()          */
Data[408], d_al=2, font=&Vari[602] /* pMedalsByNoc->getFemaleGolds()              */
Data[409], d_al=2, font=&Vari[602] /* pMedalsByNoc->getFemaleSilvers()            */
Data[410], d_al=2, font=&Vari[602] /* pMedalsByNoc->getFemaleBronzes()            */
Data[411], d_al=2, font=&Vari[602] /* pMedalsByNoc->getTotalFemaleMedals()        */
Data[412], d_al=2, font=&Vari[602] /* pMedalsByNoc->getTeamGolds()              */
Data[413], d_al=2, font=&Vari[602] /* pMedalsByNoc->getTeamSilvers()            */
Data[414], d_al=2, font=&Vari[602] /* pMedalsByNoc->getTeamBronzes()            */
Data[415], d_al=2, font=&Vari[602] /* pMedalsByNoc->getTotalTeamMedals()        */
Data[416], d_al=2, font=&Vari[602] /* pMedalsByNoc->getTotalGolds()               */
Data[417], d_al=2, font=&Vari[602] /* pMedalsByNoc->getTotalSilvers()             */
Data[418], d_al=2, font=&Vari[602] /* pMedalsByNoc->getTotalBronzes()             */
Data[419], d_al=2, font=&Vari[602] /* pMedalsByNoc->getTotalMedals()              */
Data[420], d_al=2, font=&Vari[602] /* pMedalsByNoc->getRkPoTotal()                */

Data[452], d_al=2, font=&Vari[601] /* aMedalCounter.getMaleGolds()                */
Data[453], d_al=2, font=&Vari[601] /* aMedalCounter.getMaleSilvers()              */
Data[454], d_al=2, font=&Vari[601] /* aMedalCounter.getMaleBronzes()              */
Data[455], d_al=2, font=&Vari[601] /* aMedalCounter.getTotalMaleMedals()          */
Data[456], d_al=2, font=&Vari[601] /* aMedalCounter.getFemaleGolds()              */
Data[457], d_al=2, font=&Vari[601] /* aMedalCounter.getFemaleSilvers()            */
Data[458], d_al=2, font=&Vari[601] /* aMedalCounter.getFemaleBronzes()            */
Data[459], d_al=2, font=&Vari[601] /* aMedalCounter.getTotalFemaleMedals()        */
Data[460], d_al=2, font=&Vari[601] /* aMedalCounter.getTeamGolds()                */
Data[461], d_al=2, font=&Vari[601] /* aMedalCounter.getTeamSilvers()              */
Data[462], d_al=2, font=&Vari[601] /* aMedalCounter.getTeamBronzes()              */
Data[463], d_al=2, font=&Vari[601] /* aMedalCounter.getTotalTeamMedals()          */
Data[464], d_al=2, font=&Vari[601] /* aMedalCounter.getTotalGolds()               */
Data[465], d_al=2, font=&Vari[601] /* aMedalCounter.getTotalSilvers()             */
Data[466], d_al=2, font=&Vari[601] /* aMedalCounter.getTotalBronzes()             */
Data[467], d_al=2, font=&Vari[601] /* aMedalCounter.getTotalMedals()              */

Data[500], d_al=1, font=&Vari[603] /* Events to finished */


/* -- ZONA DE DECLARACION DE TABLAS ------------------------------ */

Table 100 /* ----- Tabla de CABECERAS --------- */
	template[100] { call=1, height=130 }
		cell[110] { call=1, height=130, width=130 }
			{ Offset_x=0, Offset_y=0  } /* Rank By Gold */
			{ outline_upper=2 }
			{ outline_lower=2 }
			{ outline_left =2 }
			{ outline_right=2 }
			{ data=110, Offset_dx=75, Offset_dy=75 }
/*			{ Run_Line = 110  }*/

		cell[120] { call=1, height= 130, width=600 }
			{ Offset_x=0, Offset_y=0  } /* NOC */
			{ outline_upper=2 }
			{ outline_lower=2 }
			{ outline_left =0 }
			{ outline_right=2 }
			{ data=120, Offset_dx=10, Offset_dy=75 }

/*		cell[121] { call=1, height= 130, width=140 }*/
/*			{ Offset_x=0, Offset_y=0  } /* NOC Code */
/*			{ outline_upper=2 }*/
/*			{ outline_lower=2 }*/
/*			{ outline_left =0 }*/
/*			{ outline_right=2 }*/
/*			{ Run_Line = 120  }*/

		cell[130] { call=1, height= 65, width=320 }
			{ Offset_x=0, Offset_y=0  } /* MEN */
			{ outline_upper=2 }
			{ outline_lower=2 }
			{ outline_left =0 }
			{ outline_right=2 }
			{ data=130, Offset_dx=160, Offset_dy=50 }

		cell[140] { call=1, height= 65, width=320 }
			{ Offset_x=0, Offset_y=0  } /* WOMEN */
			{ outline_upper=2 }
			{ outline_lower=2 }
			{ outline_left =0 }
			{ outline_right=2 }
			{ data=140, Offset_dx=160, Offset_dy=50 }

		cell[150] { call=1, height= 65, width=320 }
			{ Offset_x=0, Offset_y=0  } /* TEAM */
			{ outline_upper=2 }
			{ outline_lower=2 }
			{ outline_left =0 }
			{ outline_right=2 }
			{ data=150, Offset_dx=160, Offset_dy=50 }

		cell[160] { call=1, height= 65, width=320 }
			{ Offset_x=0, Offset_y=0  } /* TOTAL */
			{ outline_upper=2 }
			{ outline_lower=2 }
			{ outline_left =0 }
			{ outline_right=2 }
			{ data=170, Offset_dx=160, Offset_dy=50 }

		cell[170] { call=1, height=130, width=130 }
			{ Offset_x=0, Offset_y=0  } /* Rank By Total */
			{ outline_upper=2 }
			{ outline_lower=2 }
			{ outline_left =0 }
			{ outline_right=2 }
			{ Run_Line = 160  }
		
		newl = 65

		cell[190] { call=1, height= 65, width=600 }
			{ Offset_x=130, Offset_y=0  } /* Name */
			{ outline_upper=0 }
			{ outline_lower=2 }
			{ outline_left =0 }
			{ outline_right=2 }
/*			{ data=190, Offset_dx=15, Offset_dy=45 }*/

/*		cell[190] { call=1, height= 65, width=140 }*/
/*			{ Offset_x=0, Offset_y=0  } /* Code */
/*			{ outline_upper=0 }*/
/*			{ outline_lower=2 }*/
/*			{ outline_left =0 }*/
/*			{ outline_right=2 }*/
/*			{ data=180, Offset_dx=15, Offset_dy=45 }*/

		cell[210] { call=1, height= 65, width=80 }
			{ Offset_x=0, Offset_y=0  } /* Gold */
			{ outline_upper=0 }
			{ outline_lower=2 }
			{ outline_left =0 }
			{ outline_right=2 }
			{ data=210, Offset_dx=70, Offset_dy=45 }

		cell[220] { call=1, height= 65, width=80 }
			{ Offset_x=0, Offset_y=0  } /* Silver */
			{ outline_upper=0 }
			{ outline_lower=2 }
			{ outline_left =0 }
			{ outline_right=2 }
			{ data=220, Offset_dx=70, Offset_dy=45 }

		cell[230] { call=1, height= 65, width=80 }
			{ Offset_x=0, Offset_y=0  } /* Bronze */
			{ outline_upper=0 }
			{ outline_lower=2 }
			{ outline_left =0 }
			{ outline_right=2 }
			{ data=230, Offset_dx=70, Offset_dy=45 }

		cell[240] { call=1, height= 65, width=80 }
			{ Offset_x=0, Offset_y=0  } /* Total */
			{ outline_upper=0 }
			{ outline_lower=2 }
			{ outline_left =0 }
			{ outline_right=2 }
			{ data=240, Offset_dx=70, Offset_dy=45 }

		cell[250] { call=1, height= 65, width=80 }
			{ Offset_x=0, Offset_y=0  } /* Gold */
			{ outline_upper=0 }
			{ outline_lower=2 }
			{ outline_left =0 }
			{ outline_right=2 }
			{ data=250, Offset_dx=70, Offset_dy=45 }

		cell[260] { call=1, height= 65, width=80 }
			{ Offset_x=0, Offset_y=0  } /* Silver */
			{ outline_upper=0 }
			{ outline_lower=2 }
			{ outline_left =0 }
			{ outline_right=2 }
			{ data=260, Offset_dx=70, Offset_dy=45 }

		cell[270] { call=1, height= 65, width=80 }
			{ Offset_x=0, Offset_y=0  } /* Bronze */
			{ outline_upper=0 }
			{ outline_lower=2 }
			{ outline_left =0 }
			{ outline_right=2 }
			{ data=270, Offset_dx=70, Offset_dy=45 }

		cell[280] { call=1, height= 65, width=80 }
			{ Offset_x=0, Offset_y=0  } /* Total */
			{ outline_upper=0 }
			{ outline_lower=2 }
			{ outline_left =0 }
			{ outline_right=2 }
			{ data=280, Offset_dx=70, Offset_dy=45 }

		cell[290] { call=1, height= 65, width=80 }
			{ Offset_x=0, Offset_y=0  } /* Gold */
			{ outline_upper=0 }
			{ outline_lower=2 }
			{ outline_left =0 }
			{ outline_right=2 }
			{ data=290, Offset_dx=70, Offset_dy=45 }

		cell[300] { call=1, height= 65, width=80 }
			{ Offset_x=0, Offset_y=0  } /* Silver */
			{ outline_upper=0 }
			{ outline_lower=2 }
			{ outline_left =0 }
			{ outline_right=2 }
			{ data=300, Offset_dx=70, Offset_dy=45 }

		cell[310] { call=1, height= 65, width=80 }
			{ Offset_x=0, Offset_y=0  } /* Bronze */
			{ outline_upper=0 }
			{ outline_lower=2 }
			{ outline_left =0 }
			{ outline_right=2 }
			{ data=310, Offset_dx=70, Offset_dy=45 }

		cell[320] { call=1, height= 65, width=80 }
			{ Offset_x=0, Offset_y=0  } /* Total */
			{ outline_upper=0 }
			{ outline_lower=2 }
			{ outline_left =0 }
			{ outline_right=2 }
			{ data=320, Offset_dx=70, Offset_dy=45 }

		cell[330] { call=1, height= 65, width=80 }
			{ Offset_x=0, Offset_y=0  } /* Gold */
			{ outline_upper=0 }
			{ outline_lower=2 }
			{ outline_left =0 }
			{ outline_right=2 }
			{ data=330, Offset_dx=70, Offset_dy=45 }

		cell[340] { call=1, height= 65, width=80 }
			{ Offset_x=0, Offset_y=0  } /* Silver */
			{ outline_upper=0 }
			{ outline_lower=2 }
			{ outline_left =0 }
			{ outline_right=2 }
			{ data=340, Offset_dx=70, Offset_dy=45 }

		cell[350] { call=1, height= 65, width=80 }
			{ Offset_x=0, Offset_y=0  } /* Bronze */
			{ outline_upper=0 }
			{ outline_lower=2 }
			{ outline_left =0 }
			{ outline_right=2 }
			{ data=350, Offset_dx=70, Offset_dy=45 }

		cell[360] { call=1, height= 65, width=80 }
			{ Offset_x=0, Offset_y=0  } /* Total */
			{ outline_upper=0 }
			{ outline_lower=2 }
			{ outline_left =0 }
			{ outline_right=2 }
			{ data=360, Offset_dx=70, Offset_dy=45 }


Table 400 /* ----- Tabla de DETALLE --------- */
	template[400] { call=1, height= 65 }
		cell[401] { call=1, height= 65, width=130 }
			{ Offset_x=0, Offset_y=0  } /* Rank By Gold */
			{ outline_upper=0 }
			{ outline_lower=2 }
			{ outline_left =2 }
			{ outline_right=2 }
			{ data=401, Offset_dx=110, Offset_dy=45 }

		cell[402] { call=1, height= 65, width=600 }
			{ Offset_x=0, Offset_y=0  } /* NOC Name */
			{ outline_upper=0 }
			{ outline_lower=2 }
			{ outline_left =0 }
			{ outline_right=2 }
			{ data=402, Offset_dx=15, Offset_dy=45 }

/*		cell[403] { call=1, height= 65, width=140 }*/
/*			{ Offset_x=0, Offset_y=0  } /* NOC Code */
/*			{ outline_upper=0 }*/
/*			{ outline_lower=2 }*/
/*			{ outline_left =0 }*/
/*			{ outline_right=2 }*/
/*			{ data=403, Offset_dx=15, Offset_dy=45 }*/

		cell[404] { call=1, height= 65, width=80 }
			{ Offset_x=0, Offset_y=0  } /* MEN Gold */
			{ outline_upper=0 }
			{ outline_lower=2 }
			{ outline_left =0 }
			{ outline_right=2 }
			{ data=404, Offset_dx=70, Offset_dy=45 }

		cell[405] { call=1, height= 65, width=80 }
			{ Offset_x=0, Offset_y=0  } /* MEN Silver */
			{ outline_upper=0 }
			{ outline_lower=2 }
			{ outline_left =0 }
			{ outline_right=2 }
			{ data=405, Offset_dx=70, Offset_dy=45 }

		cell[406] { call=1, height= 65, width=80 }
			{ Offset_x=0, Offset_y=0  } /* MEN Bronze */
			{ outline_upper=0 }
			{ outline_lower=2 }
			{ outline_left =0 }
			{ outline_right=2 }
			{ data=406, Offset_dx=70, Offset_dy=45 }

		cell[407] { call=1, height= 65, width=80 }
			{ Offset_x=0, Offset_y=0  } /* MEN Total */
			{ outline_upper=0 }
			{ outline_lower=2 }
			{ outline_left =0 }
			{ outline_right=2 }
			{ data=407, Offset_dx=70, Offset_dy=45 }

		cell[408] { call=1, height= 65, width=80 }
			{ Offset_x=0, Offset_y=0  } /* WOMEN Gold */
			{ outline_upper=0 }
			{ outline_lower=2 }
			{ outline_left =0 }
			{ outline_right=2 }
			{ data=408, Offset_dx=70, Offset_dy=45 }

		cell[409] { call=1, height= 65, width=80 }
			{ Offset_x=0, Offset_y=0  } /* WOMEN Silver */
			{ outline_upper=0 }
			{ outline_lower=2 }
			{ outline_left =0 }
			{ outline_right=2 }
			{ data=409, Offset_dx=70, Offset_dy=45 }

		cell[410] { call=1, height= 65, width=80 }
			{ Offset_x=0, Offset_y=0  } /* WOMEN Bronze */
			{ outline_upper=0 }
			{ outline_lower=2 }
			{ outline_left =0 }
			{ outline_right=2 }
			{ data=410, Offset_dx=70, Offset_dy=45 }

		cell[411] { call=1, height= 65, width=80 }
			{ Offset_x=0, Offset_y=0  } /* WOMEN Total */
			{ outline_upper=0 }
			{ outline_lower=2 }
			{ outline_left =0 }
			{ outline_right=2 }
			{ data=411, Offset_dx=70, Offset_dy=45 }

		cell[412] { call=1, height= 65, width=80 }
			{ Offset_x=0, Offset_y=0  } /* TEAM Gold */
			{ outline_upper=0 }
			{ outline_lower=2 }
			{ outline_left =0 }
			{ outline_right=2 }
			{ data=412, Offset_dx=70, Offset_dy=45 }

		cell[413] { call=1, height= 65, width=80 }
			{ Offset_x=0, Offset_y=0  } /* TEAM Silver */
			{ outline_upper=0 }
			{ outline_lower=2 }
			{ outline_left =0 }
			{ outline_right=2 }
			{ data=413, Offset_dx=70, Offset_dy=45 }

		cell[414] { call=1, height= 65, width=80 }
			{ Offset_x=0, Offset_y=0  } /* TEAM Bronze */
			{ outline_upper=0 }
			{ outline_lower=2 }
			{ outline_left =0 }
			{ outline_right=2 }
			{ data=414, Offset_dx=70, Offset_dy=45 }

		cell[415] { call=1, height= 65, width=80 }
			{ Offset_x=0, Offset_y=0  } /* TEAM Total */
			{ outline_upper=0 }
			{ outline_lower=2 }
			{ outline_left =0 }
			{ outline_right=2 }
			{ data=415, Offset_dx=70, Offset_dy=45 }

		cell[416] { call=1, height= 65, width=80 }
			{ Offset_x=0, Offset_y=0  } /* TOTAL Gold */
			{ outline_upper=0 }
			{ outline_lower=2 }
			{ outline_left =0 }
			{ outline_right=2 }
			{ data=416, Offset_dx=70, Offset_dy=45 }

		cell[417] { call=1, height= 65, width=80 }
			{ Offset_x=0, Offset_y=0  } /* TOTAL Silver */
			{ outline_upper=0 }
			{ outline_lower=2 }
			{ outline_left =0 }
			{ outline_right=2 }
			{ data=417, Offset_dx=70, Offset_dy=45 }

		cell[418] { call=1, height= 65, width=80 }
			{ Offset_x=0, Offset_y=0  } /* TOTAL Bronze */
			{ outline_upper=0 }
			{ outline_lower=2 }
			{ outline_left =0 }
			{ outline_right=2 }
			{ data=418, Offset_dx=70, Offset_dy=45 }

		cell[419] { call=1, height= 65, width=80 }
			{ Offset_x=0, Offset_y=0  } /* TOTAL General */
			{ outline_upper=0 }
			{ outline_lower=2 }
			{ outline_left =0 }
			{ outline_right=2 }
			{ data=419, Offset_dx=70, Offset_dy=45 }

		cell[420] { call=1, height= 65, width=130 }
			{ Offset_x=0, Offset_y=0  } /* Rank By Total */
			{ outline_upper=0 }
			{ outline_lower=2 }
			{ outline_left =0 }
			{ outline_right=2 }
			{ data=420, Offset_dx=110, Offset_dy=45 }


Table 450 /* ----- Tabla de TOTALES --------- */
	template[450] { call=1, height= 65 }
		cell[451] { call=1, height= 65, width=730/*710 */}
			{ Offset_x=0, Offset_y=0  } /* Total Number of CGAs */
			{ outline_upper=1 }*/
			{ outline_lower=2 }*/
			{ outline_left =2 }*/
			{ outline_right=2 }*/
			{ data=302, Offset_dx=170/*700*/, Offset_dy=45 }*/

		cell[452] { call=1, height= 65, width=80 }
			{ Offset_x=0, Offset_y=0  } /* MEN Gold */
			{ outline_upper=1 }
			{ outline_lower=2 }
			{ outline_left =0 }
			{ outline_right=2 }
			{ data=452, Offset_dx=70, Offset_dy=45 }

		cell[453] { call=1, height= 65, width=80 }
			{ Offset_x=0, Offset_y=0  } /* MEN Silver */
			{ outline_upper=1 }
			{ outline_lower=2 }
			{ outline_left =0 }
			{ outline_right=2 }
			{ data=453, Offset_dx=70, Offset_dy=45 }

		cell[454] { call=1, height= 65, width=80 }
			{ Offset_x=0, Offset_y=0  } /* MEN Bronze */
			{ outline_upper=1 }
			{ outline_lower=2 }
			{ outline_left =0 }
			{ outline_right=2 }
			{ data=454, Offset_dx=70, Offset_dy=45 }

		cell[455] { call=1, height= 65, width=80 }
			{ Offset_x=0, Offset_y=0  } /* MEN Total */
			{ outline_upper=1 }
			{ outline_lower=2 }
			{ outline_left =0 }
			{ outline_right=2 }
			{ data=455, Offset_dx=70, Offset_dy=45 }

		cell[456] { call=1, height= 65, width=80 }
			{ Offset_x=0, Offset_y=0  } /* WOMEN Gold */
			{ outline_upper=1 }
			{ outline_lower=2 }
			{ outline_left =0 }
			{ outline_right=2 }
			{ data=456, Offset_dx=70, Offset_dy=45 }

		cell[457] { call=1, height= 65, width=80 }
			{ Offset_x=0, Offset_y=0  } /* WOMEN Silver */
			{ outline_upper=1 }
			{ outline_lower=2 }
			{ outline_left =0 }
			{ outline_right=2 }
			{ data=457, Offset_dx=70, Offset_dy=45 }

		cell[458] { call=1, height= 65, width=80 }
			{ Offset_x=0, Offset_y=0  } /* WOMEN Bronze */
			{ outline_upper=1 }
			{ outline_lower=2 }
			{ outline_left =0 }
			{ outline_right=2 }
			{ data=458, Offset_dx=70, Offset_dy=45 }

		cell[459] { call=1, height= 65, width=80 }
			{ Offset_x=0, Offset_y=0  } /* WOMEN Total */
			{ outline_upper=1 }
			{ outline_lower=2 }
			{ outline_left =0 }
			{ outline_right=2 }
			{ data=459, Offset_dx=70, Offset_dy=45 }

		cell[460] { call=1, height= 65, width=80 }
			{ Offset_x=0, Offset_y=0  } /* TEAM Gold */
			{ outline_upper=1 }
			{ outline_lower=2 }
			{ outline_left =0 }
			{ outline_right=2 }
			{ data=460, Offset_dx=70, Offset_dy=45 }

		cell[461] { call=1, height= 65, width=80 }
			{ Offset_x=0, Offset_y=0  } /* TEAM Silver */
			{ outline_upper=1 }
			{ outline_lower=2 }
			{ outline_left =0 }
			{ outline_right=2 }
			{ data=461, Offset_dx=70, Offset_dy=45 }

		cell[462] { call=1, height= 65, width=80 }
			{ Offset_x=0, Offset_y=0  } /* TEAM Bronze */
			{ outline_upper=1 }
			{ outline_lower=2 }
			{ outline_left =0 }
			{ outline_right=2 }
			{ data=462, Offset_dx=70, Offset_dy=45 }

		cell[463] { call=1, height= 65, width=80 }
			{ Offset_x=0, Offset_y=0  } /* TEAM Total */
			{ outline_upper=1 }
			{ outline_lower=2 }
			{ outline_left =0 }
			{ outline_right=2 }
			{ data=463, Offset_dx=70, Offset_dy=45 }

		cell[464] { call=1, height= 65, width=80 }
			{ Offset_x=0, Offset_y=0  } /* TOTAL Gold */
			{ outline_upper=1 }
			{ outline_lower=2 }
			{ outline_left =0 }
			{ outline_right=2 }
			{ data=464, Offset_dx=70, Offset_dy=45 }

		cell[465] { call=1, height= 65, width=80 }
			{ Offset_x=0, Offset_y=0  } /* TOTAL Silver */
			{ outline_upper=1 }
			{ outline_lower=2 }
			{ outline_left =0 }
			{ outline_right=2 }
			{ data=465, Offset_dx=70, Offset_dy=45 }

		cell[466] { call=1, height= 65, width=80 }
			{ Offset_x=0, Offset_y=0  } /* TOTAL Bronze */
			{ outline_upper=1 }
			{ outline_lower=2 }
			{ outline_left =0 }
			{ outline_right=2 }
			{ data=466, Offset_dx=70, Offset_dy=45 }

		cell[467] { call=1, height= 65, width=80 }
			{ Offset_x=0, Offset_y=0  } /* TOTAL General */
			{ outline_upper=1 }
			{ outline_lower=2 }
			{ outline_left =0 }
			{ outline_right=2 }
			{ data=467, Offset_dx=70, Offset_dy=45 }

		cell[468] { call=1, height= 65, width=130 }
			{ Offset_x=0, Offset_y=0  } /* Rank By Total */
			{ outline_upper=1 }
			{ outline_lower=2 }
			{ outline_left =0 }
			{ outline_right=2 }


/* -- ZONA DE DECLARACION DE LINEAS ------------------------------ */

Line 100  /* **** Nombre del Report, Fecha, Hora y Cabeceras ***** */
	{ jump_d=40}
	{ jump_r=1170} { data=500 } {jump_d=50}
	{ Table=100, corx=100 }          /* Tabla de Cabeceras */

Line 110  /* **** Cartel Rank By Gold **************************** */
    { jump_d = 40 } { jump_r = 65 } { Data = 110 } /* Rank */
    { jump_d = 40 }                 { Data = 111 } /* By   */
    { jump_d = 40 }                 { Data = 112 } /* Gold */

Line 120  /* **** Cartel NOC Code **************************** */
    { jump_d = 60 } { jump_r = 10 } { Data = 120 } /* NOC  */
    { jump_d = 50 }					{ Data = 310 } /* Code */

Line 160  /* **** Cartel Rank By Total *************************** */
    { jump_d = 40 } { jump_r = 120 }{ Data = 180 } /* Rank  */
    { jump_d = 40 }                 { Data = 181 } /* By    */
    { jump_d = 40 }                 { Data = 182 } /* Total */

Line 400  /* **** Datos del pais ********************************* */
	{ Table=400, corx=100 }

Line 450  /* **** Datos totales ********************************** */
	{ Table=450, corx=100 }
