/* ------------------------------------------------------------------ */
/* --------------------------- Variables ---------------------------- */
/* ------------------------------------------------------------------ */

Vari[1000]=50					/* coordenada y de partida				*/
Vari[1001]=50					/* coordenada x de partida				*/
Vari[1002]=200					/* coordenada y calculada				*/
Vari[1003]=50					/* coordenada x calculada				*/

Vari[1011]=4081					/* fuente negrita						*/
Vari[1012]=4080					/* fuente normal						*/	
Vari[2100]=2100					/* espacio que nos queda en la pagina para listar templates con datos*/

/* ------------------------------------------------------------------ */
/* ---------------------------- Carteles ---------------------------- */
/* ------------------------------------------------------------------ */

Data[ 11],lcpy="Role"		,d_al=0,font=&Vari[1011]
Data[ 12],lcpy="Name"		,d_al=0,font=&Vari[1011]
Data[ 13]			,d_al=0,font=&Vari[1011]
Data[ 14]			,d_al=0,font=&Vari[1011]
Data[ 15],lcpy="---"		,d_al=0,font=&Vari[1011]

/* ------------------------------------------------------------------ */
/* ----------------------------- Datos ------------------------------ */
/* ------------------------------------------------------------------ */

Data[ 21]				,d_al=0,font=&Vari[1011]			/* Role		*/
Data[ 22]				,d_al=0,font=&Vari[1012]			/* Name		*/
Data[ 23]				,d_al=2,font=&Vari[1012]			/* NOC		*/
Data[ 24]				,d_al=0,font=&Vari[1012]			/* NOC CODE	*/

/* ------------------------------------------------------------------ */
/* ----------------------------- Tablas ----------------------------- */
/* ------------------------------------------------------------------ */


Table 10

	/*================================================================*/
	/*====== Datos	  ================================================*/
	/*================================================================*/ 

	Vari[11]=100				/* Altura del Template 1		 */
	Vari[12]					/* - nº de llamadas Template 1	- */
	
	template[1]	{ call=&Vari[12],height=&Vari[11] }

		/*------ Role --------------------------- */ 
		Vari[1101]=300		/* Ancho de la celda  */
		Vari[1102]= 10		/* offset_dx		  */
		Vari[1103]= 30		/* offset_dy		  */

		cell[1] { call=1, height=&Vari[11], width=&Vari[1101] }
			{ data=21,Offset_dx=&Vari[1102],Offset_dy=&Vari[1103] }

		/*------ Name --------------------------- */ 
		Vari[1201]=700		/* Ancho de la celda  */
		Vari[1202]= 10		/* offset_dx		  */
		Vari[1203]= 30		/* offset_dy		  */

		cell[2] { call=1, height=&Vari[11], width=&Vari[1201] }
			{ data=22,Offset_dx=&Vari[1202],Offset_dy=&Vari[1203] }

		/*------ NOC -------------------------- */ 
		Vari[1301]= 400		/* Ancho de la celda  */
		Vari[1302]= 390		/* offset_dx		  */
		Vari[1303]=  30		/* offset_dy		  */

		cell[3] { call=1, height=&Vari[11], width=&Vari[1301] }
			{ data=23,Offset_dx=&Vari[1302],Offset_dy=&Vari[1303] }

		/*------ NOC CODE -------------------------- */ 
		Vari[1401]= 150		/* Ancho de la celda  */
		Vari[1402]=  10		/* offset_dx		  */
		Vari[1403]=  30		/* offset_dy		  */

		cell[4] { call=1, height=&Vari[11], width=&Vari[1401] }
			{ data=24,Offset_dx=&Vari[1402],Offset_dy=&Vari[1403] }

	/*================================================================*/
	/*====== Salto	==================================================*/
	/*================================================================*/ 

		template[2] { call=1, height=&Vari[11] }

/* ------------------------------------------------------------------ */
/* ----------------------------- Líneas ----------------------------- */
/* ------------------------------------------------------------------ */
Line 1	/* -- Report --- */
		{ table=10,cory=&Vari[1002],corx=&Vari[1003] }






