/* Fuentes usadas en este lis ----------------------------------- */

Vari[1010]=4100 /* Si falla el de cabecera nos basamos en esta para decidir tipo de fuente */

Data[6699] lcpy="9000..9001"

Vari[9000]=4121 
Vari[9001]=4101 

Vari[1]=  700    /* --  Posicion X de la tabla, o dato -- */
Vari[2]=  0       /* --  Posicion Y de la tabla, o dato -- */

		/* Formato por defecto para la linea As Of*/
Vari[100]=    0 /* --  Alineacion  -- */
Vari[101]= 4091 /* --  Font 	-- */
Vari[102]= 	90 /* --  Height 	-- */
Vari[103]= 	800 /* --  Width 	-- */
Vari[104]= 	250 /* --  offset_dx-- */
Vari[105]= 	 40 /* --  offset_dy-- */
Vari[106]= 	 0 /* --  offset_dy-- */
Vari[107]=    1 /* --  Alineacion  -- */
Vari[108]= 	400 /* --  offset_dx-- */
Vari[109]= 	60 /* --  Altura-- */
Vari[110]= 	 1 /* -- Si pinto o no el As of-- */


Data[1000] 	d_al=&Vari[100]  , font=&Vari[101]   /* - Dato Variable --*/
Data[1001]  	d_al=&Vari[107]  , font=&Vari[101]   /* - Dato Variable --*/
Data[1002]     d_al=&Vari[107]  , font=4121   /* - Dato Variable para el FI number --*/


	/* ****************** TABLA GENERAL PARA LA IMPLEMENTACION DE LAS CAJAS ****************** */
Table 9009
	template[99] { call=&Vari[106] , height=&Vari[109] } 
		cell[ 10]
        	{ call=&Vari[106], height=&Vari[109], width=&Vari[103]		 }
			{ Data=1001 ,offset_dx=&Vari[108], offset_dy=&Vari[105] }
	template[100] { call=&Vari[110] , height=&Vari[102] } 
		cell[ 10]
        	{ call=1, height=&Vari[102], width=&Vari[103]		 }
			{ Data=1000 ,offset_dx=&Vari[104], offset_dy=&Vari[105] }

Line 850
	{ table = 9009, corx=&Vari[1] , cory=&Vari[2] } 

Table 9010
	template[1] { call=1 , height=80 } 
	cell[ 10]	 { call=1 , height=80,  width=120 } 
		{ Offset_x=0, Offset_y=0  }
		{ outline_upper=2}
		{ outline_lower=2 }
		{ outline_left =2 }
		{ outline_right=2 }
		{ Data=1002 ,offset_dx=60, offset_dy=60 }

Line 851
	{ table = 9010, corx=100 , cory=420 } 




