/* --------------------------------------------------------------------------- */
/* -------------------------------- Ranking Pool   --------------------------- */
/* --------------------------------------------------------------------------- */

/* -- ZONA DE DECLARACION DE VARIABLES --------------------------- */
Vari[100]=1855	/* - Ancho de la Tabla - */
Vari[101]=0 	/* - Pos X - */
Vari[102]=0 	/* - Pos Y - */
Vari[103]=100	/* Ancho de la celda */
Vari[104]=0		/* nº de paises	de la pool */

Vari[105]=0		/* ancho de la celda de la cabecera de paises = (nº de paises+3)*ancho de la celda */
Vari[106]=0		/* ancho de la celda de cabecera Games = 4*ancho de la celda */
Vari[107]=0		/* ancho de la celda de cabecera Points = 2*ancho de la celda */
			
Vari[108]=0		/* centrado de la celda de la cabecera de paises = ((nº de paises+3)*ancho de la celda )/2*/
Vari[109]=0		/* centrado de la celda de cabecera Games = (3*ancho de la celda )/2*/
Vari[110]=0		/* centrado de la celda de cabecera Points = (2*ancho de la celda )/2*/
Vari[111]=50	/* Centro de una celda */
Vari[112]=13	/* nº de celdas estáticas */
Vari[113]=0		/* Relleno de la celda */
Vari[114]=48	/* Color de relleno */	
Vari[115]=0		/* Determina si se pinta o no la celda del YRank */	
Vari[116]=92	/* Derecha de una celda */
Vari[117]=350	/* Ancho Nombre Participante */
Vari[118]=0	/* pinto el grupo antes de la ronda */
Vari[119]=100	/* Alto a añadir cuando se pintan rondas */
Vari[121]	/* Ancho a añadir cuando se pintan rondas */
Vari[122]	/* offset dx dato rondas */
Vari[123]=55	/* offset dy dato rondas */
Vari[124]=11	/* datos especificos con estadisticas PTS, MW, ML, ... */
Vari[125]	/* pinto los tados de estadisticas */
Vari[126]=0		/* nº de paises	de la pool */

Vari[150]=4101	/* Fuente */
Vari[151]=4071	/* Fuente */
Vari[152]=4091	/* Fuente */
Vari[153]=4070	/* Fuente */
Vari[154]=4060	/* Fuente */
Vari[155]=4061	/* Fuente */
Vari[156]=4051	/* Fuente */
Vari[157]=4050	/* Fuente */

Vari[200]=60	/* Fuente */
Vari[201]	/* linea a pintar */

/* -- DATOS ESTÁTICOS -- */
Data[201], lcpy="Rank",    			d_al=1, font=&Vari[151] 
Data[202], lcpy="YRank",			d_al=1, font=&Vari[151]  
Data[203], lcpy="Team",				d_al=0, font=&Vari[151]  
Data[204], lcpy="Score",			d_al=1, font=&Vari[151]  
Data[205], lcpy="PLD",				d_al=1, font=&Vari[151]  
Data[206], lcpy="Won",				d_al=1, font=&Vari[151]  
Data[207], lcpy="Draw",				d_al=1, font=&Vari[151]  
Data[208], lcpy="Lost",				d_al=1, font=&Vari[151]  
Data[209], lcpy="For",				d_al=1, font=&Vari[151]  
Data[210], lcpy="Agst",				d_al=1, font=&Vari[151] 
Data[211], lcpy="Diff.",			d_al=1, font=&Vari[151] 
Data[212],							d_al=1, font=&Vari[151] 
Data[213], lcpy="Sets"	,			d_al=1, font=&Vari[155] 
Data[214], lcpy="Shots"	,			d_al=1, font=&Vari[155] 
Data[215], lcpy="SD"	,			d_al=1, font=&Vari[151] 
Data[216], lcpy="*"		,			d_al=1, font=&Vari[151] 
Data[217], lcpy="Round",			d_al=1, font=&Vari[151] 
Data[218],							d_al=1, font=&Vari[151] 
Data[219], lcpy="No.",				d_al=1, font=&Vari[151] 
Data[220], lcpy="PNo.",				d_al=1, font=&Vari[151] 
Data[221], lcpy="Score",			d_al=1, font=&Vari[151] 
Data[222], lcpy="WP",				d_al=1, font=&Vari[151] 
Data[223], lcpy="SB",				d_al=1, font=&Vari[151] 
Data[224], lcpy="PS",				d_al=1, font=&Vari[151] 
Data[225], lcpy="rat.",				d_al=1, font=&Vari[151] 
Data[226], lcpy="TPR",				d_al=1, font=&Vari[151] 
Data[227], lcpy="W-We",				d_al=1, font=&Vari[151] 

/* -- ZONA DE DECLARACION DE DATOS ---------------------------- */
Data[400], d_al=1				, font=&Vari[151]   /* - Rank		- */
Data[401], d_al=1				, font=&Vari[151]   /* - YRank		- */
Data[402], d_al=1				, font=&Vari[151]   /* - NOC Header - */
Data[403], d_al=1				, font=&Vari[153]   /* - Points 	- */
Data[404], d_al=1				, font=&Vari[153]   /* - Played 	- */
Data[405], d_al=1				, font=&Vari[153]   /* - Won 		- */
Data[406], d_al=1				, font=&Vari[153]   /* - Ties 		- */
Data[407], d_al=1				, font=&Vari[153]   /* - Lost 		- */
Data[408], d_al=1				, font=&Vari[153]   /* - Shots For  - */
Data[409], d_al=1				, font=&Vari[153]   /* - Shots Against*/
Data[410], d_al=2				, font=&Vari[153]   /* - Diff. 		- */
Data[411], d_al=0				, font=&Vari[151]   /* - Group Desc.- */
Data[420], d_al=1				, font=&Vari[157]   /* - Results 	- */
Data[421], d_al=0				, font=&Vari[155]   /* - Nombre participante - */
Data[422], d_al=1				, font=&Vari[153]   /* - Sets For	- */
Data[423], d_al=1				, font=&Vari[153]   /* - Sets Against */
Data[424], d_al=1				, font=&Vari[153]   /* - Shots Difference */
Data[425], d_al=1				, font=&Vari[154]   /* - *-Tie 	- */
Data[426], d_al=0				, font=&Vari[152]   /* - *-Phase Description 	- */


/* -- ZONA DE DECLARACION DE TABLAS ------------------------------ */
Table 100 	

	/* --		HEADER 1		-- */
	template[1] { call=&Vari[118], height=&Vari[119] } 
		cell[1] { call=1, height= &Vari[119], width=&Vari[121] } /* Group */
			{ outline_upper=1 }
			{ outline_lower=1 }
			{ outline_left =1 }
			{ outline_right=1 }
			{ data=218, Offset_dx=&Vari[122], Offset_dy=&Vari[123] }

	template[2] { call=1, height=&Vari[200] } 

		cell[1] { call=1, height= &Vari[200], width=&Vari[117] } /* Group */
			{ outline_upper=1 }
			{ outline_lower=1 }
			{ outline_left =1 }
			{ outline_right=1 }
			{ data=411, Offset_dx=10, Offset_dy=40 }

		cell[2] { call=1, height= &Vari[200], width=&Vari[103] } /* */
			{ outline_upper=1 }
			{ outline_lower=1 }
			{ outline_left =1 }
			{ outline_right=1 }
			{ data=212, Offset_dx=&Vari[111], Offset_dy=40 }

		cell[3] { call=&Vari[104], height= &Vari[200], width=&Vari[103] } /* NOC */
			{ outline_upper=1 }
			{ outline_lower=1 }
			{ outline_left =1 }
			{ outline_right=1 }
			{ data=402, Offset_dx=&Vari[111], Offset_dy=40 }

		cell[4] { call=&Vari[125], height= &Vari[200], width=&Vari[103] } /* */
			{ outline_upper=0 }
			{ outline_lower=0 }
			{ outline_left =0 }
			{ outline_right=0 }			

		cell[5] { call=&Vari[125], height= &Vari[200], width=&Vari[103] } /* No */
			{ outline_upper=1 }
			{ outline_lower=1 }
			{ outline_left =1 }
			{ outline_right=1 }
			{ data=219, Offset_dx=&Vari[111], Offset_dy=40 }

		cell[6] { call=&Vari[125], height= &Vari[200], width=&Vari[103] } /* PNo */
			{ outline_upper=1 }
			{ outline_lower=1 }
			{ outline_left =1 }
			{ outline_right=1 }
			{ data=220, Offset_dx=&Vari[111], Offset_dy=40 }

		cell[7] { call=&Vari[125], height= &Vari[200], width=&Vari[103] } /* Score */
			{ outline_upper=1 }
			{ outline_lower=1 }
			{ outline_left =1 }
			{ outline_right=1 }
			{ data=221, Offset_dx=&Vari[111], Offset_dy=40 }

		

		cell[9] { call=&Vari[125], height= &Vari[200], width=&Vari[103] } /* WP */
			{ outline_upper=1 }
			{ outline_lower=1 }
			{ outline_left =1 }
			{ outline_right=1 }
			{ data=222, Offset_dx=&Vari[111], Offset_dy=40 }

		cell[10] { call=&Vari[125], height= &Vari[200], width=&Vari[103] } /* SB */
			{ outline_upper=1 }
			{ outline_lower=1 }
			{ outline_left =1 }
			{ outline_right=1 }
			{ data=223, Offset_dx=&Vari[111], Offset_dy=40 }
/*			{ Run_line=1000, Offset_lx=&Vari[111], Offset_ly=25 }*/
			
		cell[11] { call=&Vari[125], height= &Vari[200], width=&Vari[103] } /* PS */
			{ outline_upper=1 }
			{ outline_lower=1 }
			{ outline_left =1 }
			{ outline_right=1 }
			{ data=224, Offset_dx=&Vari[111], Offset_dy=40 }
/*			{ Run_line=1001, Offset_lx=&Vari[111], Offset_ly=25 }*/

		cell[12] { call=&Vari[125], height= &Vari[200], width=&Vari[103] } /* rat. */
			{ outline_upper=1 }
			{ outline_lower=1 }
			{ outline_left =1 }
			{ outline_right=1 }
			{ data=225, Offset_dx=&Vari[111], Offset_dy=40 }
/*			{ Run_line=1002, Offset_lx=&Vari[111], Offset_ly=25 }*/
			
		cell[13] { call=&Vari[125], height= &Vari[200], width=&Vari[103] } /* TPR */
			{ outline_upper=1 }
			{ outline_lower=1 }
			{ outline_left =1 }
			{ outline_right=1 }
			{ data=226, Offset_dx=&Vari[111], Offset_dy=40 }
/*			{ Run_line=1003, Offset_lx=&Vari[111], Offset_ly=25 }*/
			
		cell[14] { call=&Vari[125], height= &Vari[200], width=&Vari[103] } /* W-We */
			{ outline_upper=1 }
			{ outline_lower=1 }
			{ outline_left =1 }
			{ outline_right=1 }
			{ data=227, Offset_dx=&Vari[111], Offset_dy=40 }

		cell[15] { call=0, height= &Vari[200], width=&Vari[103] } /* Pts */
			{ outline_upper=1 }
			{ outline_lower=1 }
			{ outline_left =1 }
			{ outline_right=1 }
			{ data=204, Offset_dx=&Vari[111], Offset_dy=40 }
		

	/* --		DATOS		-- */
	template[3] { call=&Vari[126], height=&Vari[200] }	

		cell[1]{ call=1, height= &Vari[200], width=&Vari[117] } /* Nombre Participante */
			{ outline_upper=1 }
			{ outline_lower=1 }
			{ outline_left =1 }
			{ outline_right=1 }
			{ data=421, Offset_dx=5, Offset_dy=40 }

		cell[2]{ call=1, height= &Vari[200], width=&Vari[103] } /* */
			{ outline_upper=1 }
			{ outline_lower=1 }
			{ outline_left =1 }
			{ outline_right=1 }
			{ data=402, Offset_dx=&Vari[111], Offset_dy=40 }

		cell[3]{ call=&Vari[104], height= &Vari[200], width=&Vari[103] ,fill = &Vari[113]} /* Results */
			{ outline_upper=1 }
			{ outline_lower=1 }
			{ outline_left =1 }
			{ outline_right=1 }
			{ Run_line=&Vari[201], Offset_lx=&Vari[111], Offset_ly=40 }
			
		cell[4] { call=&Vari[125], height= &Vari[200], width=&Vari[103] } /* */
			{ outline_upper=0 }
			{ outline_lower=0 }
			{ outline_left =0 }
			{ outline_right=0 }	

		cell[5] { call=&Vari[125], height= 60, width=&Vari[103] } /* No */
			{ outline_upper=1 }
			{ outline_lower=1 }
			{ outline_left =1 }
			{ outline_right=1 }
			{ data=400, Offset_dx=&Vari[111], Offset_dy=40 }
	
		cell[6] { call=&Vari[125], height= &Vari[200], width=&Vari[103] } /* PNo */
			{ outline_upper=1 }
			{ outline_lower=1 }
			{ outline_left =1 }
			{ outline_right=1 }
			{ data=404, Offset_dx=&Vari[111], Offset_dy=40 }

		cell[7] { call=&Vari[125], height= &Vari[200], width=&Vari[103] } /*Score */
			{ outline_upper=1 }
			{ outline_lower=1 }
			{ outline_left =1 }
			{ outline_right=1 }
			{ data=405, Offset_dx=&Vari[111], Offset_dy=40 }
		
		cell[8] { call=&Vari[125], height= &Vari[200], width=&Vari[103] } /* WP */
			{ outline_upper=1 }
			{ outline_lower=1 }
			{ outline_left =1 }
			{ outline_right=1 }
			{ data=407, Offset_dx=&Vari[111], Offset_dy=40 }
		
		cell[10] { call=&Vari[125], height= &Vari[200], width=&Vari[103] } /* SB */
			{ outline_upper=1 }
			{ outline_lower=1 }
			{ outline_left =1 }
			{ outline_right=1 }
			{ data=422, Offset_dx=&Vari[111], Offset_dy=40 }

		cell[11]{ call=&Vari[125], height= &Vari[200], width=&Vari[103] } /* PS */
			{ outline_upper=1 }
			{ outline_lower=1 }
			{ outline_left =1 }
			{ outline_right=1 }
			{ data=423, Offset_dx=&Vari[111], Offset_dy=40 }

		cell[12] { call=&Vari[125], height= &Vari[200], width=&Vari[103] } /* rat. */
			{ outline_upper=1 }
			{ outline_lower=1 }
			{ outline_left =1 }
			{ outline_right=1 }
			{ data=408, Offset_dx=&Vari[111], Offset_dy=40 }

		cell[13]{ call=&Vari[125], height= &Vari[200], width=&Vari[103] } /* TPR */
			{ outline_upper=1 }
			{ outline_lower=1 }
			{ outline_left =1 }
			{ outline_right=1 }
			{ data=409, Offset_dx=&Vari[111], Offset_dy=40 }

		cell[14] { call=&Vari[125], height= &Vari[200], width=&Vari[103] } /* w-We */
			{ outline_upper=1 }
			{ outline_lower=1 }
			{ outline_left =1 }
			{ outline_right=1 }
			{ data=424, Offset_dx=&Vari[111], Offset_dy=40 }	

		cell[15] { call=0, height= &Vari[200], width=&Vari[103] } /* Points */
			{ outline_upper=1 }
			{ outline_lower=1 }
			{ outline_left =1 }
			{ outline_right=1 }
			{ data=403, Offset_dx=&Vari[111], Offset_dy=40 }	
				

/* -- ZONA DE DECLARACION DE LINEAS -- */
Line 100  /* **** Tabla **** */
	{ jump_d=60 }			
	{ Table=100, corx=&Vari[101] }	/* Tabla Description Statistics */
		
	
Line 1000 /* Sets For */
    
		{ data  =  213 } /* Sets */
    { jump_d = 30 }
		{ data  =  209 } /* For */

Line 1001 /* Sets Against */
    
		{ data  =  213 } /* Sets */
    { jump_d = 30 }
		{ data  =  210 } /* Against */

Line 1002 /* Shots For */
    
		{ data  =  214 } /* Shots */
    { jump_d = 30 }
		{ data  =  209 } /* For */

Line 1003 /* Shots Against */
    
		{ data  =  214 } /* Shots */
    { jump_d = 30 }
		{ data  =  210 } /* Against */

Line 1004 /* Result */
    
		{ data  =  420 } /* Shots */
    { jump_u = 10 }
	{ jump_r = 18 }
		{ data  =  425 } /* * */

Line 1005 /* schedule */
    
    { jump_u = 15 }
		{ data  =  420 } /* Shots */
    { jump_d = 25 }
/*	{ jump_l = 18 }*/
		{ data  =  425 } /* * */

Line 1010 /* Phase Description */
    
	{ jump_d = 60 }
	{ data  =  426, corx=20 } /* Phase Description */
	{ jump_u = 40 }
    		
