/* ------------------------------------------------------------------ */
/* --------------------------- Variables ---------------------------- */
/* ------------------------------------------------------------------ */

Vari[1000]						/* coordenada y calculada	*/
Vari[1001]=0					/* coordenada x calculada	*/
Vari[1002]=50					/* salto entre tablas		*/
Vari[1003]=50					/* dzh						*/
Vari[1004]=0					/* Alineación data 11    	*/
Vari[1005]=0 					/* Alineación data 211		*/
Vari[1006]=0 					/* Alineación data 212		*/
Vari[1007]						/* indice del BMPFile 		*/
Vari[1008]=1					/* Borde de la tabla 		*/
Vari[1009]=2					/* bmp keylen		 		*/

Vari[1011]=6061					/* fuente negrita			*/
Vari[1012]=6060					/* fuente normal			*/
Vari[1013]						/* asignada a data 212 (normal en notas) */

Vari[2000]=0					/* control primera leyenda pintada	*/
Vari[2001]=3					/* Factor					*/

/* ------------------------------------------------------------------ */
/* ---------------------------- Carteles ---------------------------- */
/* ------------------------------------------------------------------ */

Data[   1], lcpy="Legend:"
Data[   2], lcpy="Note:"

/* ------------------------------------------------------------------ */
/* ----------------------------- Datos ------------------------------ */
/* ------------------------------------------------------------------ */

Data[ 11 ],d_al=&Vari[1004],font=&Vari[1011]	/* Legend o Note */
Data[ 211],d_al=&Vari[1005],font=&Vari[1013]	/* Key           */
Data[ 212],d_al=&Vari[1006],font=&Vari[1012]	/* Value         */

Data[ 213],d_al=&Vari[1005],keylen=&Vari[1009], bmpfile=&Vari[1007]		/* Key Bmp       */

/* ------------------------------------------------------------------ */
/* ----------------------------- Tablas ----------------------------- */
/* ------------------------------------------------------------------ */

Table 12321		T_bb=&Vari[1008]

	/*================================================================*/
	/*====== cabecera ================================================*/
	/*================================================================*/ 

	Vari[11]=40					/* Altura del Template 1		*/
	Vari[12]= 1					/* veces a llamar al Template 1	*/
	
	template[1]	{ call=&Vari[12],height=&Vari[11] }

		/*------ Legend o Note ------------------ */ 
		Vari[1101]			/* Ancho del papel */
		Vari[1102]= 10		/* x */
		Vari[1103]= 30		/* y */
		cell[1] { call=1, height=&Vari[11], width=&Vari[1101] }
			{ data=11,Offset_dx=&Vari[1102],Offset_dy=&Vari[1103] }


	/*================================================================*/
	/*====== cuerpo ==================================================*/
	/*================================================================*/ 

	Vari[21]=35					/* Altura del Template 2				*/
	Vari[22]					/* veces a llamar al Template 2			*/
	Vari[23]					/* número de columnas del Template 2	*/
	Vari[24]					/* Salto entre key y Value				*/
	Vari[25]=21					/* key (21) o key Bmp (22)				*/
	Vari[26]=50					/* jump_r añadido a widthString			*/
	Vari[27]					/* jump_u y jump_d para key Bmp			*/

	template[2]	{ call=&Vari[22],height=&Vari[21] }

		/*------ Legend o Note ------------------ */ 
		Vari[2101]			/* Ancho del papel/numero columnas */
		Vari[2102]= 10		/* x */
		Vari[2103]= 25		/* y */
		cell[1] { call=&Vari[23], height=&Vari[21], width=&Vari[2101] }
			{ Run_Line=&Vari[25],Offset_lx=&Vari[2102],Offset_ly=&Vari[2103] }

/* ------------------------------------------------------------------ */
/* ----------------------------- Líneas ----------------------------- */
/* ------------------------------------------------------------------ */

Line  1	/* -- Legend o Note --- */
		{ table = 12321, corx=&Vari[1001], cory=&Vari[1000] }

Line 21	/* -- Key + Value  -----*/
		{ data	 = 211 }
		{ jump_r = &Vari[24] }
		{ data	 = 212 }

Line 22	/* -- KeyBmp + Value  -----*/
		{ jump_u = &Vari[27] }
		{ data	 = 213 }
		{ jump_d = &Vari[27] }
		{ jump_r = &Vari[24] }
		{ data	 = 212 }
