
/* ---------------- Results by Round C74 ---------------- */

/******************************************/
/* -- ZONA DE DECLARACION DE VARIABLES -- */
/******************************************/

/* Variables generales */
Vari[   0] =    0 /* Variable vacia para asignar por defecto								*/
Vari[   1] =    0 /* corx central															*/
Vari[   2] =    0 /* corx maxima (A4 = 2157) (LETTER=2219)									*/
Vari[   3] =    0 /* corx centrado de la Tabla												*/
Vari[   4] =   12 /* Numero de celdas a pintar 												*/
Vari[   5] =   80 /* Height Header															*/
Vari[   6] =   70 /* Height Body															*/
Vari[   7] =   60 /* Height Body Members													*/



/* Numero de ejecuciones de las celdas				*/
Vari[ 100] =	1   /* Bout Number               	*/
Vari[ 101] =	0   /* Seed Number 1             	*/
Vari[ 102] =	1   /* Master Type 1             	*/
Vari[ 103] =	1   /* Name	1		               	*/
Vari[ 104] =	1   /* NOC Code 1		           	*/
Vari[ 105] =	1   /* Points 1		              	*/
Vari[ 106] =	1   /* Results		               	*/
Vari[ 107] =	1   /* Points 2		              	*/
Vari[ 108] =	0   /* Seed Number 2             	*/
Vari[ 109] =	1   /* Master Type 2             	*/
Vari[ 110] =	1   /* Name	2		               	*/
Vari[ 111] =	1   /* NOC Code	2	               	*/



/* Ancho de cada una de las celdas */
Vari[ 200] =	120 /* Ancho de Bout				*/
Vari[ 201] =	100 /* Ancho de Seed Number	1		*/
Vari[ 202] =	120 /* Ancho de Master Type	1		*/
Vari[ 203] =	600 /* Ancho de Name-Team 1			*/
Vari[ 204] =	100 /* Ancho de Noc Code 1			*/
Vari[ 205] =	125 /* Ancho de Points 1			*/
Vari[ 206] =	200 /* Ancho de Results			    */
Vari[ 207] =	125 /* Ancho de Points 2			*/
Vari[ 208] =	100 /* Ancho de Seed Number	2		*/
Vari[ 209] =	120 /* Ancho de Master Type	2		*/
Vari[ 210] =	600 /* Ancho de Name-Team 2			*/
Vari[ 211] =	100 /* Ancho de Noc Code 2			*/



/* Offset x de cada una de las celdas  Cabecera */
Vari[ 300] =	60  /* Offset de Bout        		*/
Vari[ 301] =	50  /* Offset de Seed Number1		*/
Vari[ 302] = 	45  /* Offset de Master Type 1		*/
Vari[ 303] =	10  /* Offset de Name-Team 1		*/
Vari[ 304] =	50  /* Offset de NOC Code 1			*/
Vari[ 305] =	62  /* Offset de Points 1			*/
Vari[ 306] =	100 /* Offset de Result				*/
Vari[ 307] =	62  /* Offset de Points 2			*/
Vari[ 308] =	50  /* Offset de Seed Number2		*/
Vari[ 309] = 	45  /* Offset de Master Type 2		*/
Vari[ 310] =	10  /* Offset de Name-Team 2		*/
Vari[ 311] =	50  /* Offset de NOC Code 2			*/


/* Offset x de cada una de las celdas  Cuerpo */
Vari[ 400] =	105 /* Offset de Bout        		*/
Vari[ 401] =	70 /* Offset de Seed Number1		*/
Vari[ 402] = 	60  /* Offset de Master Type 1		*/
Vari[ 403] =	10  /* Offset de Name-Team 1		*/
Vari[ 404] =	50  /* Offset de NOC Code 1			*/
Vari[ 405] =	62  /* Offset de Points 1			*/
Vari[ 406] =	100 /* Offset de Result				*/
Vari[ 407] =	62  /* Offset de Points 2			*/
Vari[ 408] =	70 /* Offset de Seed Number2		*/
Vari[ 409] = 	60  /* Offset de Master Type 2		*/
Vari[ 410] =	10  /* Offset de Name-Team 2		*/
Vari[ 411] =	50  /* Offset de NOC Code 2			*/

/* -- ZONA DE DECLARACION DE VARIABLES DE FUENTES NO CAMBIAR--- */
Vari[500]=6060
Vari[501]=6061
Vari[502]=6070
Vari[503]=6071
Vari[504]=6080
Vari[505]=6081
Vari[506]=6090
Vari[507]=6091
Vari[508]=6100
Vari[509]=6101
Vari[510]=6110
Vari[511]=6111
Vari[512]=6120
Vari[513]=6121
Vari[514]=6130
Vari[515]=6131
Vari[516]=6140
Vari[517]=6141
Vari[518]=6150
Vari[519]=6151
Vari[520]=6160
Vari[521]=6161
Vari[522]=6082
Vari[523]=6083
Vari[524]=6073     
Vari[525]     
/* Saltos de pagina */
Vari[800] =  330 /* Salto de pagina														*/


/**************************************/
/* -- ZONA DE DECLARACION DE DATOS -- */
/**************************************/

/* Datos Cabecera */
data[1000], d_al=1,	font=&Vari[507] 
data[1001], d_al=1, font=&Vari[507] 
data[1002], d_al=1, font=&Vari[507] 
data[1003], d_al=0, font=&Vari[507] 
data[1004], d_al=1,	font=&Vari[507] 
data[1005], d_al=1,	font=&Vari[507] 
data[1006], d_al=1,	font=&Vari[507] 
data[1007], d_al=1,	font=&Vari[507] 
data[1008], d_al=1, font=&Vari[507] 
data[1009], d_al=1, font=&Vari[507] 
data[1500], d_al=1,	font=&Vari[507]
data[1501], d_al=1,	font=&Vari[506]

/* Datos Cuerpo */
data[2000], d_al=2,									                /* Bout Number		*/
data[2001], d_al=2,									                /* Seed Number1		*/
data[2002], d_al=1,									                /* Master Type 1	*/
data[2003], d_al=0,									                /* Name 1			*/
data[2004], d_al=1,									                /* NOC Code 1		*/
data[2005], d_al=1,									                /* Points 1			*/
data[2006], d_al=1,									                /* Result			*/
data[2007], d_al=1,									                /* Points 2			*/
data[2008], d_al=2,									                /* Seed Number2		*/
data[2009], d_al=1,									                /* Master Type 2	*/
data[2010], d_al=0,									                /* Name 2			*/
data[2011], d_al=1,									                /* NOC Code 2		*/


data[2100], d_al=1,									font=&Vari[511] /* Round x, Fecha */

/* Datos Cuerpo Members */
data[3000], d_al=2,									font=&Vari[506] /* Submatch   		*/
data[3001], d_al=2,									font=&Vari[506] /* Seed Number1		*/
data[3002], d_al=1,									font=&Vari[506] /* Master Type 1	*/
data[3003], d_al=0,									font=&Vari[506] /* Name 1			*/
data[3004], d_al=1,									font=&Vari[506] /* NOC Code1		*/
data[3005], d_al=1,									font=&Vari[506] /* Points 1			*/
data[3006], d_al=1,									font=&Vari[506] /* Result  			*/
data[3007], d_al=1,									font=&Vari[506] /* Points 2			*/
data[3008], d_al=2,									font=&Vari[506] /* Seed Number2		*/
data[3009], d_al=1,									font=&Vari[506] /* Master Type 2	*/
data[3010], d_al=0,									font=&Vari[506] /* Name 2			*/
data[3011], d_al=1,									font=&Vari[506] /* NOC Code2		*/

data[5000], lcpy= "Aýlaw", d_al=1,					font=&Vari[506] /* TKM Round		*/

/***************************************/
/* -- ZONA DE DECLARACION DE TABLAS -- */
/***************************************/

/*----------------------------------------------------------------------------*/

Table 1 /* Cabecera Tabla Results */

	template[1] { call=1, height=&Vari[5] fill=10} /* Cabeceras */

		/* Cartel Bout Number */
		cell[10] { call=&Vari[100], height= &Vari[5], width=&Vari[200] }
			{ outline_upper=1 }{ outline_lower=1 }
			{ outline_right=0 }{ outline_left =1 }
			{ data=1000, Offset_dx=&Vari[300], Offset_dy=55 }

		/* Cartel Seed Number 1 */
		cell[11] { call=&Vari[101], height= &Vari[5], width=&Vari[201] }
			{ outline_upper=1 }{ outline_lower=1 }
			{ outline_right=0 }{ outline_left =1 }
			{ data=1001, Offset_dx=&Vari[301], Offset_dy=55 }

		/* Cartel Master Type 1*/
		cell[12] { call=&Vari[102], height= &Vari[5], width=&Vari[202] }
			{ outline_upper=1 }{ outline_lower=1 }
			{ outline_right=0 }{ outline_left =1 }
			{ data=1002, Offset_dx=60, Offset_dy=55 }
				
		/* Cartel Name 1*/
		cell[13] { call=&Vari[103], height=&Vari[5], width=&Vari[203] }
			{ outline_upper=1 }{ outline_lower=1 }
			{ outline_right=0 }{ outline_left =1 }
			{ data=1003, Offset_dx=&Vari[303], Offset_dy=55 }

		/* Cartel NOC Code 1*/
		cell[14] { call=&Vari[104], height=&Vari[5], width=&Vari[204] }
			{ outline_upper=1 }{ outline_lower=1 }
			{ outline_right=0 }{ outline_left =1 }
			{ Run_line=100, Offset_lx=&Vari[304], Offset_ly=35 }
		
		/* Cartel Points 1 */
		cell[15] { call=&Vari[105], height=&Vari[5], width=&Vari[205] }
			{ outline_upper=1 }{ outline_lower=1 }
			{ outline_right=0 }{ outline_left =1 }
			{ Run_line=101, Offset_lx=&Vari[305], Offset_ly=35 }			

		/* Cartel Result */
		cell[16] { call=&Vari[106], height=&Vari[5], width=&Vari[206] }
			{ outline_upper=1 }{ outline_lower=1 }
			{ outline_right=0 }{ outline_left =1 }
			{ data=1005, Offset_dx=&Vari[306], Offset_dy=55 }

		/* Cartel Points 2 */
		cell[17] { call=&Vari[107], height=&Vari[5], width=&Vari[207] }
			{ outline_upper=1 }{ outline_lower=1 }
			{ outline_right=0 }{ outline_left =1 }
			{ Run_line=101, Offset_lx=&Vari[307], Offset_ly=35 }

		/* Cartel Seed Number 2 */
		cell[18] { call=&Vari[108], height= &Vari[5], width=&Vari[208] }
			{ outline_upper=1 }{ outline_lower=1 }
			{ outline_right=0 }{ outline_left =1 }
			{ data=1001, Offset_dx=&Vari[308], Offset_dy=55 }

		/* Cartel Master Type 2*/
		cell[19] { call=&Vari[109], height= &Vari[5], width=&Vari[209] }
			{ outline_upper=1 }{ outline_lower=1 }
			{ outline_right=0 }{ outline_left =1 }
			{ data=1002, Offset_dx=60, Offset_dy=55 }

		/* Cartel Name 2*/
		cell[20] { call=&Vari[110], height=&Vari[5], width=&Vari[210] }
			{ outline_upper=1 }{ outline_lower=1 }
			{ outline_right=0 }{ outline_left =1 }
			{ data=1003, Offset_dx=&Vari[310], Offset_dy=55 }

		/* Cartel NOC Code 2*/
		cell[21] { call=&Vari[111], height=&Vari[5], width=&Vari[211] }
			{ outline_upper=1 }{ outline_lower=1 }
			{ outline_right=1 }{ outline_left =1 }
			{ Run_line=100, Offset_lx=&Vari[311], Offset_ly=35 }
			

Table 2 /* Cuerpo Tabla Results */		
	template[2] { call=1, height=80 } /* Cuerpo Results */

		/* Bout Number */
		cell[10] { call=&Vari[100], height= &Vari[6], width=&Vari[200] }
			{ outline_upper=1 }{ outline_lower=1 }
			{ outline_right=1 }{ outline_left =1 }
			{ data=2000, Offset_dx=&Vari[400], Offset_dy=55 }

		/* Seed Number 1 */
		cell[11] { call=&Vari[101], height=&Vari[6], width=&Vari[201] }
			{ Offset_x= &Vari[200] }
			{ outline_upper=1 }{ outline_lower=1 }
			{ outline_right=0 }{ outline_left =1 }
			{ data=2001, Offset_dx=&Vari[401], Offset_dy=55 }

		/* Master Type 1 */
		cell[12] { call=&Vari[102], height=&Vari[6], width=&Vari[202] }
			{ outline_upper=1 }{ outline_lower=1 }
			{ outline_right=0 }{ outline_left =1 }
			{ data=2002, Offset_dx=&Vari[402], Offset_dy=55 }

		/* Name  1*/
		cell[13] { call=&Vari[103], height=&Vari[6], width=&Vari[203] }
			{ outline_upper=1 }{ outline_lower=1 }
			{ outline_right=0 }{ outline_left =1 }
			{ data=2003, Offset_dx=&Vari[403], Offset_dy=55 }

		/* NOC Code 1*/
		cell[14] { call=&Vari[104], height=&Vari[6], width=&Vari[204] }
			{ outline_upper=1 }{ outline_lower=1 }
			{ outline_right=0 }{ outline_left =1 }
			{ data=2004, Offset_dx=&Vari[404], Offset_dy=55 }

		/* Points 1 */
		cell[15] { call=&Vari[105], height=&Vari[6], width=&Vari[205] }
			{ outline_upper=1 }{ outline_lower=1 }
			{ outline_right=0 }{ outline_left =1 }
			{ data=2005, Offset_dx=&Vari[405], Offset_dy=55 }

		/* Results */
		cell[16] { call=&Vari[106], height=&Vari[6], width=&Vari[206] }
			{ outline_upper=1 }{ outline_lower=1 }
			{ outline_right=0 }{ outline_left =1 }
			{ data=2006, Offset_dx=&Vari[406], Offset_dy=55 }

		/* Points 2 */
		cell[17] { call=&Vari[107], height=&Vari[6], width=&Vari[207] }
			{ outline_upper=1 }{ outline_lower=1 }
			{ outline_right=0 }{ outline_left =1 }
			{ data=2007, Offset_dx=&Vari[407], Offset_dy=55 }
							
		/* Seed Number 2 */
		cell[18] { call=&Vari[108], height=&Vari[6], width=&Vari[208] }
			{ outline_upper=1 }{ outline_lower=1 }
			{ outline_right=0 }{ outline_left =1 }
			{ data=2008, Offset_dx=&Vari[408], Offset_dy=55 }

		/* Master Type 2 */
		cell[19] { call=&Vari[109], height=&Vari[6], width=&Vari[209] }
			{ outline_upper=1 }{ outline_lower=1 }
			{ outline_right=0 }{ outline_left =1 }
			{ data=2009, Offset_dx=&Vari[409], Offset_dy=55 }

		/* Name  2*/
		cell[20] { call=&Vari[110], height=&Vari[6], width=&Vari[210] }
			{ outline_upper=1 }{ outline_lower=1 }
			{ outline_right=0 }{ outline_left =1 }
			{ data=2010, Offset_dx=&Vari[410], Offset_dy=55 }
		
		/* NOC Code 2*/
		cell[21] { call=&Vari[111], height=&Vari[6], width=&Vari[211] }
			{ outline_upper=1 }{ outline_lower=1 }
			{ outline_right=1 }{ outline_left =1 }
			{ data=2011, Offset_dx=&Vari[411], Offset_dy=55 }


Table 3 /* Cuerpo Tabla Members */		
	template[3] { call=1, height=&Vari[7] } /* Cuerpo Members */

		/* SubMatch */
		cell[10] { call=&Vari[100], height= &Vari[7], width=&Vari[200] }
			{ outline_upper=0 }{ outline_lower=0 }
			{ outline_right=0 }{ outline_left =0 }
			{ data=3000, Offset_dx=&Vari[400], Offset_dy=45 }

		/* Seed Number 1 */
		cell[11] { call=&Vari[101], height=&Vari[7], width=&Vari[201] }
			{ outline_upper=0 }{ outline_lower=0 }
			{ outline_right=0 }{ outline_left =0 }
			{ data=3001, Offset_dx=&Vari[401], Offset_dy=45 }

		/* Master Type 1 */
		cell[12] { call=&Vari[102], height=&Vari[7], width=&Vari[202] }
			{ outline_upper=0 }{ outline_lower=0 }
			{ outline_right=0 }{ outline_left =0 }
			{ data=3002, Offset_dx=&Vari[402], Offset_dy=45 }

		/* Name  1*/
		cell[13] { call=&Vari[103], height=&Vari[7], width=&Vari[203] }
			{ outline_upper=0 }{ outline_lower=0 }
			{ outline_right=0 }{ outline_left =0 }
			{ data=3003, Offset_dx=&Vari[403], Offset_dy=45 }
		
		/* NOC Code 1 No usado */
		cell[14] { call=&Vari[104], height=&Vari[7], width=&Vari[204] }
			{ outline_upper=0 }{ outline_lower=0 }
			{ outline_right=0 }{ outline_left =0 }

		/* Rating 1 No usado */
		cell[15] { call=&Vari[105], height=&Vari[7], width=&Vari[205] }
			{ outline_upper=0 }{ outline_lower=0 }
			{ outline_right=0 }{ outline_left =0 }
			
		/* Results */
		cell[16] { call=&Vari[106], height=&Vari[7], width=&Vari[206] }
			{ outline_upper=0 }{ outline_lower=0 }
			{ outline_right=0 }{ outline_left =0 }
			{ data=3006, Offset_dx=&Vari[406], Offset_dy=45 }

		/* Rating 2 No Usado */
		cell[17] { call=&Vari[107], height=&Vari[7], width=&Vari[207] }
			{ outline_upper=0 }{ outline_lower=0 }
			{ outline_right=0 }{ outline_left =0 }
										
		/* Seed Number 2 */
		cell[18] { call=&Vari[108], height=&Vari[7], width=&Vari[208] }
			{ outline_upper=0 }{ outline_lower=0 }
			{ outline_right=0 }{ outline_left =0 }
			{ data=3008, Offset_dx=&Vari[408], Offset_dy=45 }

		/* Master Type 2 */
		cell[19] { call=&Vari[109], height=&Vari[7], width=&Vari[209] }
			{ outline_upper=0 }{ outline_lower=0 }
			{ outline_right=0 }{ outline_left =0 }
			{ data=3009, Offset_dx=&Vari[409], Offset_dy=45 }

		/* Name  2*/
		cell[20] { call=&Vari[110], height=&Vari[7], width=&Vari[210] }
			{ outline_upper=0 }{ outline_lower=0 }
			{ outline_right=0 }{ outline_left =0 }
			{ data=3010, Offset_dx=&Vari[410], Offset_dy=45 }

		/* NOC Code 2*/
		cell[21] { call=&Vari[111], height=&Vari[7], width=&Vari[211] }
			{ outline_upper=0 }{ outline_lower=0 }
			{ outline_right=0 }{ outline_left =0 }
			


/*----------------------------------------------------------------------------*/

/**************************************************/
/* -- ZONA DE DECLARACION DE LINEAS (RUNLINES) -- */
/**************************************************/

Line   1	/* Tabla Cabecera Results */
	{ Table =  1, corx=&Vari[3] }
	{ jump_d =  40 }

Line   2	/* Tabla Cuerpo Results */
	{ Table =  2, corx=&Vari[3] }

Line   3	/* Tabla Cuerpo Members */
	{ Table =  3, corx=&Vari[3] }

Line   5	/* Line de Round, con Fecha */
	{ Data =  2100, corx=&Vari[1] }
	{ jump_d =  60 }

Line   10	/* Bajar Un poco */
	{ jump_d =  110 }

Line 100  /* **** Linea de NOC Code ***************************** */
	{ Data=1006 }	/* NOC , Coge del .lis general */
	{ jump_d=35 }
	{ Data=1007 }   /* Code */

Line 101  /* **** Linea de Game Points ************************** */
	{ Data=1008 }	/* Game , Coge del .lis general */
	{ jump_d=35 }
	{ Data=1004 }   /* Points */