/* ------------------------------------------------------------------ */
/* ------------------------------ C08 ------------------------------- */
/* ------------------------------------------------------------------ */
Data[100],lcpy= "Schedule is subject to change"
Data[101],lcpy= "end"

/* ------------------------------------------------------------------ */
/* ------------------------------ C30 ------------------------------- */
/* ------------------------------------------------------------------ */
Data[200],lcpy= "1|MSI|Men's Standard Individual"
Data[201],lcpy= "2|WSI|Women's Standard Individual"
Data[202],lcpy= "3|MRT|Men's Rapid Team"
Data[203],lcpy= "1|WRT|Women's Rapid Team"
Data[204],lcpy= "2|MRT23|Men's Rapid Team Under 23 "
Data[205],lcpy= "3|WRT23|Women's Rapid Team Under 23 "
Data[206],lcpy= "1|MBT|Men's Blitz Team"
Data[207],lcpy= "2|WBT|Women's Blitz Team"
Data[208],lcpy= "3|MBT23|Men's Blitz Team Under 23 "
Data[209],lcpy= "1|WBT23|Women's Blitz Team Under 23 "
Data[210],lcpy= "end"

/* ------------------------------------------------------------------ */
/* ------------------------------ C32A ------------------------------ */
/* ------------------------------------------------------------------ */
Data[300],lcpy= "1|M|Men"
Data[301],lcpy= "2|W|Women"
Data[302],lcpy= "3|MSI|Men's Standard Individual"
Data[303],lcpy= "1|WSI|Women's Standard Individual"
Data[304],lcpy= "2|MRT|Men's Rapid Team"
Data[305],lcpy= "3|WRT|Women's Rapid Team"
Data[306],lcpy= "1|MRT23|Men's Rapid Team Under 23 "
Data[307],lcpy= "2|WRT23|Women's Rapid Team Under 23 "
Data[308],lcpy= "3|MBT|Men's Blitz Team"
Data[309],lcpy= "1|WBT|Women's Blitz Team"
Data[310],lcpy= "2|MBT23|Men's Blitz Team Under 23 "
Data[311],lcpy= "3|WBT23|Women's Blitz Team Under 23 "
Data[312],lcpy= "end"

/* ------------------------------------------------------------------ */
/* ------------------------------ C38  ------------------------------ */
/* ------------------------------------------------------------------ */
/* ------------------------------------------------------------------ */
Data[400],lcpy= "1|M|Men"
Data[401],lcpy= "2|W|Women"
Data[402],lcpy= "FM|FIDE Master"
Data[403],lcpy= "GM|Grand Master"
Data[404],lcpy= "IM|International Master"
Data[405],lcpy= "CM|Candidate Master"
Data[406],lcpy= "WFM|FIDE Master"
Data[407],lcpy= "WGM|Grand Master"
Data[408],lcpy= "WIM|International Master"
Data[409],lcpy= "WCM|Candidate Master"
Data[410],lcpy= "The maximum number of characters for long scoreboard name is thirteen (13) and short scoreboard name is eight (8)"
Data[411],lcpy= "end"


/* ------------------------------------------------------------------ */
/* ------------------------------ C58 ------------------------------- */
/* ------------------------------------------------------------------ */
Data[500],lcpy= "1|M|Men"
Data[501],lcpy= "2|W|Women"
Data[502],lcpy= "3|MSI|Men's Standard Individual"
Data[503],lcpy= "1|WSI|Women's Standard Individual"
Data[504],lcpy= "2|MRT|Men's Rapid Team"
Data[505],lcpy= "3|WRT|Women's Rapid Team"
Data[506],lcpy= "1|MRT23|Men's Rapid Team Under 23 "
Data[507],lcpy= "2|WRT23|Women's Rapid Team Under 23 "
Data[508],lcpy= "3|MBT|Men's Blitz Team"
Data[509],lcpy= "1|WBT|Women's Blitz Team"
Data[510],lcpy= "2|MBT23|Men's Blitz Team Under 23 "
Data[511],lcpy= "3|WBT23|Women's Blitz Team Under 23 "
Data[512],lcpy= "1|SR|Swiss Round"
Data[513],lcpy= "end"

/* ------------------------------------------------------------------ */
/* ------------------------------ C51 ------------------------------- */
/* ------------------------------------------------------------------ */
Data[600],lcpy= "FM|FIDE Master"
Data[601],lcpy= "GM|Grand Master"
Data[602],lcpy= "IM|International Master"
Data[603],lcpy= "CM|Candidate Master"
Data[604],lcpy= "WFM|Woman's FIDE Master"
Data[605],lcpy= "WGM|Woman's Grand Master"
Data[606],lcpy= "WIM|Woman's International Master"
Data[607],lcpy= "WCM|Woman's Candidate Master"
Data[608],lcpy= "end"

/* ------------------------------------------------------------------ */
/* ------------------------------ C74 ------------------------------- */
/* ------------------------------------------------------------------ */
Data[700],lcpy= "FM|FIDE Master"
Data[701],lcpy= "GM|Grand Master"
Data[702],lcpy= "IM|International Master"
Data[703],lcpy= "CM|Candidate Master"
Data[704],lcpy= "WFM|Woman's FIDE Master"
Data[705],lcpy= "WGM|Woman's Grand Master"
Data[706],lcpy= "WIM|Woman's International Master"
Data[707],lcpy= "WCM|Woman's Candidate Master"
Data[708],lcpy= "end"